This file contains any messages produced by compilers while
running configure, to aid debugging if configure makes a mistake.

It was created by configure, which was
generated by GNU Autoconf 2.69.  Invocation command line was

  $ ./configure --with-php-config=/usr/local/php56/bin/php-config

## --------- ##
## Platform. ##
## --------- ##

hostname = myvps.org
uname -m = x86_64
uname -r = 4.18.4-1.el7.elrepo.x86_64
uname -s = Linux
uname -v = #1 SMP Wed Aug 22 15:40:19 EDT 2018

/usr/bin/uname -p = x86_64
/bin/uname -X     = unknown

/bin/arch              = x86_64
/usr/bin/arch -k       = unknown
/usr/convex/getsysinfo = unknown
/usr/bin/hostinfo      = unknown
/bin/machine           = unknown
/usr/bin/oslevel       = unknown
/bin/universe          = unknown

PATH: /opt/rh/devtoolset-7/root/usr/bin
PATH: /usr/local/redis/bin
PATH: /usr/local/mysql/bin
PATH: /usr/local/nginx/sbin
PATH: /usr/local/php/bin
PATH: /usr/local/sbin
PATH: /usr/local/bin
PATH: /usr/sbin
PATH: /usr/bin


## ----------- ##
## Core tests. ##
## ----------- ##

configure:2326: checking for grep that handles long lines and -e
configure:2384: result: /usr/bin/grep
configure:2389: checking for egrep
configure:2451: result: /usr/bin/grep -E
configure:2456: checking for a sed that does not truncate output
configure:2510: result: /usr/bin/sed
configure:2642: checking for cc
configure:2658: found /opt/rh/devtoolset-7/root/usr/bin/cc
configure:2669: result: cc
configure:2700: checking for C compiler version
configure:2709: cc --version >&5
cc (GCC) 7.3.1 20180303 (Red Hat 7.3.1-5)
Copyright (C) 2017 Free Software Foundation, Inc.
This is free software; see the source for copying conditions.  There is NO
warranty; not even for MERCHANTABILITY or FITNESS FOR A PARTICULAR PURPOSE.

configure:2720: $? = 0
configure:2709: cc -v >&5
Using built-in specs.
COLLECT_GCC=cc
COLLECT_LTO_WRAPPER=/opt/rh/devtoolset-7/root/usr/libexec/gcc/x86_64-redhat-linux/7/lto-wrapper
Target: x86_64-redhat-linux
Configured with: ../configure --enable-bootstrap --enable-languages=c,c++,fortran,lto --prefix=/opt/rh/devtoolset-7/root/usr --mandir=/opt/rh/devtoolset-7/root/usr/share/man --infodir=/opt/rh/devtoolset-7/root/usr/share/info --with-bugurl=http://bugzilla.redhat.com/bugzilla --enable-shared --enable-threads=posix --enable-checking=release --enable-multilib --with-system-zlib --enable-__cxa_atexit --disable-libunwind-exceptions --enable-gnu-unique-object --enable-linker-build-id --with-gcc-major-version-only --enable-plugin --with-linker-hash-style=gnu --enable-initfini-array --with-default-libstdcxx-abi=gcc4-compatible --with-isl=/builddir/build/BUILD/gcc-7.3.1-20180303/obj-x86_64-redhat-linux/isl-install --enable-libmpx --enable-gnu-indirect-function --with-tune=generic --with-arch_32=i686 --build=x86_64-redhat-linux
Thread model: posix
gcc version 7.3.1 20180303 (Red Hat 7.3.1-5) (GCC) 
configure:2720: $? = 0
configure:2709: cc -V >&5
cc: error: unrecognized command line option '-V'
cc: fatal error: no input files
compilation terminated.
configure:2720: $? = 1
configure:2709: cc -qversion >&5
cc: error: unrecognized command line option '-qversion'; did you mean '--version'?
cc: fatal error: no input files
compilation terminated.
configure:2720: $? = 1
configure:2740: checking whether the C compiler works
configure:2762: cc    conftest.c  >&5
configure:2766: $? = 0
configure:2814: result: yes
configure:2817: checking for C compiler default output file name
configure:2819: result: a.out
configure:2825: checking for suffix of executables
configure:2832: cc -o conftest    conftest.c  >&5
configure:2836: $? = 0
configure:2858: result: 
configure:2880: checking whether we are cross compiling
configure:2888: cc -o conftest    conftest.c  >&5
configure:2892: $? = 0
configure:2899: ./conftest
configure:2903: $? = 0
configure:2918: result: no
configure:2923: checking for suffix of object files
configure:2945: cc -c   conftest.c >&5
configure:2949: $? = 0
configure:2970: result: o
configure:2974: checking whether we are using the GNU C compiler
configure:2993: cc -c   conftest.c >&5
configure:2993: $? = 0
configure:3002: result: yes
configure:3011: checking whether cc accepts -g
configure:3031: cc -c -g  conftest.c >&5
configure:3031: $? = 0
configure:3072: result: yes
configure:3089: checking for cc option to accept ISO C89
configure:3152: cc  -c -g -O2  conftest.c >&5
configure:3152: $? = 0
configure:3165: result: none needed
configure:3191: checking how to run the C preprocessor
configure:3222: cc -E  conftest.c
configure:3222: $? = 0
configure:3236: cc -E  conftest.c
conftest.c:9:10: fatal error: ac_nonexistent.h: No such file or directory
 #include <ac_nonexistent.h>
          ^~~~~~~~~~~~~~~~~~
compilation terminated.
configure:3236: $? = 1
configure: failed program was:
| /* confdefs.h */
| #define PACKAGE_NAME ""
| #define PACKAGE_TARNAME ""
| #define PACKAGE_VERSION ""
| #define PACKAGE_STRING ""
| #define PACKAGE_BUGREPORT ""
| #define PACKAGE_URL ""
| /* end confdefs.h.  */
| #include <ac_nonexistent.h>
configure:3261: result: cc -E
configure:3281: cc -E  conftest.c
configure:3281: $? = 0
configure:3295: cc -E  conftest.c
conftest.c:9:10: fatal error: ac_nonexistent.h: No such file or directory
 #include <ac_nonexistent.h>
          ^~~~~~~~~~~~~~~~~~
compilation terminated.
configure:3295: $? = 1
configure: failed program was:
| /* confdefs.h */
| #define PACKAGE_NAME ""
| #define PACKAGE_TARNAME ""
| #define PACKAGE_VERSION ""
| #define PACKAGE_STRING ""
| #define PACKAGE_BUGREPORT ""
| #define PACKAGE_URL ""
| /* end confdefs.h.  */
| #include <ac_nonexistent.h>
configure:3326: checking for icc
configure:3335: result: no
configure:3349: checking for suncc
configure:3358: result: no
configure:3376: checking whether cc understands -c and -o together
configure:3404: cc -c conftest.c -o conftest2.o >&5
configure:3408: $? = 0
configure:3414: cc -c conftest.c -o conftest2.o >&5
configure:3418: $? = 0
configure:3473: result: yes
configure:3487: checking for system library directory
configure:3502: result: lib
configure:3509: checking if compiler supports -R
configure:3528: cc -o conftest -g -O2   conftest.c -R /usr/lib  >&5
cc: error: unrecognized command line option '-R'
configure:3528: $? = 1
configure: failed program was:
| /* confdefs.h */
| #define PACKAGE_NAME ""
| #define PACKAGE_TARNAME ""
| #define PACKAGE_VERSION ""
| #define PACKAGE_STRING ""
| #define PACKAGE_BUGREPORT ""
| #define PACKAGE_URL ""
| /* end confdefs.h.  */
| 
| int
| main ()
| {
| 
|   ;
|   return 0;
| }
configure:3538: result: no
configure:3543: checking if compiler supports -Wl,-rpath,
configure:3562: cc -o conftest -g -O2   conftest.c -Wl,-rpath,/usr/lib  >&5
configure:3562: $? = 0
configure:3572: result: yes
configure:3617: checking build system type
configure:3631: result: x86_64-unknown-linux-gnu
configure:3651: checking host system type
configure:3664: result: x86_64-unknown-linux-gnu
configure:3684: checking target system type
configure:3697: result: x86_64-unknown-linux-gnu
configure:3800: checking for PHP prefix
configure:3802: result: /usr/local/php56
configure:3804: checking for PHP includes
configure:3806: result: -I/usr/local/php56/include/php -I/usr/local/php56/include/php/main -I/usr/local/php56/include/php/TSRM -I/usr/local/php56/include/php/Zend -I/usr/local/php56/include/php/ext -I/usr/local/php56/include/php/ext/date/lib
configure:3808: checking for PHP extension directory
configure:3810: result: /usr/local/php56/lib/php/extensions/no-debug-non-zts-20131226
configure:3812: checking for PHP installed headers prefix
configure:3814: result: /usr/local/php56/include/php
configure:3817: checking if debug is enabled
configure:3843: result: no
configure:3846: checking if zts is enabled
configure:3872: result: no
configure:3943: checking for re2c
configure:3973: result: no
configure:3998: WARNING: You will need re2c 0.13.4 or later if you want to regenerate PHP parsers.
configure:4012: checking for gawk
configure:4029: found /usr/bin/gawk
configure:4040: result: gawk
configure:4085: checking whether to enable swoole debug
configure:4099: result: no
configure:4108: checking enable sockets support
configure:4122: result: no
configure:4131: checking enable async_redis support
configure:4145: result: no
configure:4154: checking enable openssl support
configure:4168: result: no
configure:4177: checking enable http2.0 support
configure:4191: result: no
configure:4200: checking enable thread support
configure:4214: result: no
configure:4223: checking enable hugepage support
configure:4237: result: no
configure:4246: checking swoole support
configure:4285: result: yes, shared
configure:4294: checking swoole static compile support
configure:4308: result: no
configure:4317: checking swoole support
configure:4357: result: yes, shared
configure:4366: checking for OpenSSL support
configure:4381: result: no
configure:4390: checking for jemalloc support
configure:4405: result: no
configure:4414: checking enable mysqlnd support
configure:4428: result: no
configure:4437: checking whether to enable coroutine
configure:4451: result: yes
configure:4460: checking enable picohttpparser support
configure:4474: result: no
configure:4483: checking swoole support
configure:4523: result: yes, shared
configure:4532: checking enable timewheel support
configure:4546: result: no
configure:4560: checking if compiling with clang
configure:4578: cc -c -g -O2  conftest.c >&5
conftest.c: In function 'main':
conftest.c:16:13: error: unknown type name 'not'
             not clang
             ^~~
configure:4578: $? = 1
configure: failed program was:
| /* confdefs.h */
| #define PACKAGE_NAME ""
| #define PACKAGE_TARNAME ""
| #define PACKAGE_VERSION ""
| #define PACKAGE_STRING ""
| #define PACKAGE_BUGREPORT ""
| #define PACKAGE_URL ""
| /* end confdefs.h.  */
| 
| 
| int
| main ()
| {
| 
|         #ifndef __clang__
|             not clang
|         #endif
| 
|   ;
|   return 0;
| }
configure:4585: result: no
configure:4660: checking for cpu affinity
configure:4684: cc -c -g -O2  conftest.c >&5
conftest.c: In function 'main':
conftest.c:24:9: warning: implicit declaration of function 'CPU_ZERO'; did you mean '__CPU_ZERO_S'? [-Wimplicit-function-declaration]
         CPU_ZERO(&cpu_set);
         ^~~~~~~~
         __CPU_ZERO_S
configure:4684: $? = 0
configure:4689: result: yes
configure:4701: checking for socket REUSEPORT
configure:4719: cc -c -g -O2  conftest.c >&5
configure:4719: $? = 0
configure:4724: result: yes
configure:4736: checking for futex
configure:4757: cc -c -g -O2  conftest.c >&5
configure:4757: $? = 0
configure:4762: result: yes
configure:4821: checking for clock_gettime in -lrt
configure:4846: cc -o conftest -Wall -pthread -g -O2   -lpthread conftest.c -lrt   >&5
configure:4846: $? = 0
configure:4855: result: yes
configure:5282: checking for accept4 in -lc
configure:5307: cc -o conftest -Wall -pthread -g -O2   -lpthread conftest.c -lc   >&5
configure:5307: $? = 0
configure:5316: result: yes
configure:5324: checking for signalfd in -lc
configure:5349: cc -o conftest -Wall -pthread -g -O2   -lpthread conftest.c -lc   >&5
configure:5349: $? = 0
configure:5358: result: yes
configure:5366: checking for timerfd_create in -lc
configure:5391: cc -o conftest -Wall -pthread -g -O2   -lpthread conftest.c -lc   >&5
configure:5391: $? = 0
configure:5400: result: yes
configure:5408: checking for eventfd in -lc
configure:5433: cc -o conftest -Wall -pthread -g -O2   -lpthread conftest.c -lc   >&5
configure:5433: $? = 0
configure:5442: result: yes
configure:5450: checking for epoll_create in -lc
configure:5475: cc -o conftest -Wall -pthread -g -O2   -lpthread conftest.c -lc   >&5
configure:5475: $? = 0
configure:5484: result: yes
configure:5492: checking for poll in -lc
configure:5517: cc -o conftest -Wall -pthread -g -O2   -lpthread conftest.c -lc   >&5
configure:5517: $? = 0
configure:5526: result: yes
configure:5534: checking for sendfile in -lc
configure:5559: cc -o conftest -Wall -pthread -g -O2   -lpthread conftest.c -lc   >&5
configure:5559: $? = 0
configure:5568: result: yes
configure:5576: checking for kqueue in -lc
configure:5601: cc -o conftest -Wall -pthread -g -O2   -lpthread conftest.c -lc   >&5
/tmp/ccydUZPm.o: In function `main':
/root/software/php/php5/exts/swoole-2.0.10/conftest.c:32: undefined reference to `kqueue'
collect2: error: ld returned 1 exit status
configure:5601: $? = 1
configure: failed program was:
| /* confdefs.h */
| #define PACKAGE_NAME ""
| #define PACKAGE_TARNAME ""
| #define PACKAGE_VERSION ""
| #define PACKAGE_STRING ""
| #define PACKAGE_BUGREPORT ""
| #define PACKAGE_URL ""
| #define SW_COROUTINE 1
| #define HAVE_CPU_AFFINITY 1
| #define HAVE_REUSEPORT 1
| #define HAVE_FUTEX 1
| #define HAVE_CLOCK_GETTIME 1
| #define HAVE_ACCEPT4 1
| #define HAVE_SIGNALFD 1
| #define HAVE_TIMERFD 1
| #define HAVE_EVENTFD 1
| #define HAVE_EPOLL 1
| #define HAVE_POLL 1
| #define HAVE_SENDFILE 1
| /* end confdefs.h.  */
| 
| /* Override any GCC internal prototype to avoid an error.
|    Use char because int might match the return type of a GCC
|    builtin and then its argument prototype would still apply.  */
| #ifdef __cplusplus
| extern "C"
| #endif
| char kqueue ();
| int
| main ()
| {
| return kqueue ();
|   ;
|   return 0;
| }
configure:5610: result: no
configure:5618: checking for backtrace in -lc
configure:5643: cc -o conftest -Wall -pthread -g -O2   -lpthread conftest.c -lc   >&5
configure:5643: $? = 0
configure:5652: result: yes
configure:5660: checking for daemon in -lc
configure:5685: cc -o conftest -Wall -pthread -g -O2   -lpthread conftest.c -lc   >&5
configure:5685: $? = 0
configure:5694: result: yes
configure:5702: checking for mkostemp in -lc
configure:5727: cc -o conftest -Wall -pthread -g -O2   -lpthread conftest.c -lc   >&5
configure:5727: $? = 0
configure:5736: result: yes
configure:5744: checking for inotify_init in -lc
configure:5769: cc -o conftest -Wall -pthread -g -O2   -lpthread conftest.c -lc   >&5
configure:5769: $? = 0
configure:5778: result: yes
configure:5786: checking for malloc_trim in -lc
configure:5811: cc -o conftest -Wall -pthread -g -O2   -lpthread conftest.c -lc   >&5
configure:5811: $? = 0
configure:5820: result: yes
configure:5828: checking for inotify_init1 in -lc
configure:5853: cc -o conftest -Wall -pthread -g -O2   -lpthread conftest.c -lc   >&5
configure:5853: $? = 0
configure:5862: result: yes
configure:5870: checking for pthread_rwlock_init in -lpthread
configure:5895: cc -o conftest -Wall -pthread -g -O2   -lpthread conftest.c -lpthread   >&5
configure:5895: $? = 0
configure:5904: result: yes
configure:5912: checking for pthread_spin_lock in -lpthread
configure:5937: cc -o conftest -Wall -pthread -g -O2   -lpthread conftest.c -lpthread   >&5
configure:5937: $? = 0
configure:5946: result: yes
configure:5954: checking for pthread_mutex_timedlock in -lpthread
configure:5979: cc -o conftest -Wall -pthread -g -O2   -lpthread conftest.c -lpthread   >&5
configure:5979: $? = 0
configure:5988: result: yes
configure:5996: checking for pthread_barrier_init in -lpthread
configure:6021: cc -o conftest -Wall -pthread -g -O2   -lpthread conftest.c -lpthread   >&5
configure:6021: $? = 0
configure:6030: result: yes
configure:6038: checking for pcre_compile in -lpcre
configure:6063: cc -o conftest -Wall -pthread -g -O2   -lpthread conftest.c -lpcre   >&5
configure:6063: $? = 0
configure:6072: result: yes
configure:6080: checking for redisConnect in -lhiredis
configure:6105: cc -o conftest -Wall -pthread -g -O2   -lpthread conftest.c -lhiredis   >&5
/opt/rh/devtoolset-7/root/usr/libexec/gcc/x86_64-redhat-linux/7/ld: cannot find -lhiredis
collect2: error: ld returned 1 exit status
configure:6105: $? = 1
configure: failed program was:
| /* confdefs.h */
| #define PACKAGE_NAME ""
| #define PACKAGE_TARNAME ""
| #define PACKAGE_VERSION ""
| #define PACKAGE_STRING ""
| #define PACKAGE_BUGREPORT ""
| #define PACKAGE_URL ""
| #define SW_COROUTINE 1
| #define HAVE_CPU_AFFINITY 1
| #define HAVE_REUSEPORT 1
| #define HAVE_FUTEX 1
| #define HAVE_CLOCK_GETTIME 1
| #define HAVE_ACCEPT4 1
| #define HAVE_SIGNALFD 1
| #define HAVE_TIMERFD 1
| #define HAVE_EVENTFD 1
| #define HAVE_EPOLL 1
| #define HAVE_POLL 1
| #define HAVE_SENDFILE 1
| #define HAVE_EXECINFO 1
| #define HAVE_DAEMON 1
| #define HAVE_MKOSTEMP 1
| #define HAVE_INOTIFY 1
| #define HAVE_MALLOC_TRIM 1
| #define HAVE_INOTIFY_INIT1 1
| #define HAVE_RWLOCK 1
| #define HAVE_SPINLOCK 1
| #define HAVE_MUTEX_TIMEDLOCK 1
| #define HAVE_PTHREAD_BARRIER 1
| #define HAVE_PCRE 1
| /* end confdefs.h.  */
| 
| /* Override any GCC internal prototype to avoid an error.
|    Use char because int might match the return type of a GCC
|    builtin and then its argument prototype would still apply.  */
| #ifdef __cplusplus
| extern "C"
| #endif
| char redisConnect ();
| int
| main ()
| {
| return redisConnect ();
|   ;
|   return 0;
| }
configure:6114: result: no
configure:6122: checking for nghttp2_hd_inflate_new in -lnghttp2
configure:6147: cc -o conftest -Wall -pthread -g -O2   -lpthread conftest.c -lnghttp2   >&5
/opt/rh/devtoolset-7/root/usr/libexec/gcc/x86_64-redhat-linux/7/ld: cannot find -lnghttp2
collect2: error: ld returned 1 exit status
configure:6147: $? = 1
configure: failed program was:
| /* confdefs.h */
| #define PACKAGE_NAME ""
| #define PACKAGE_TARNAME ""
| #define PACKAGE_VERSION ""
| #define PACKAGE_STRING ""
| #define PACKAGE_BUGREPORT ""
| #define PACKAGE_URL ""
| #define SW_COROUTINE 1
| #define HAVE_CPU_AFFINITY 1
| #define HAVE_REUSEPORT 1
| #define HAVE_FUTEX 1
| #define HAVE_CLOCK_GETTIME 1
| #define HAVE_ACCEPT4 1
| #define HAVE_SIGNALFD 1
| #define HAVE_TIMERFD 1
| #define HAVE_EVENTFD 1
| #define HAVE_EPOLL 1
| #define HAVE_POLL 1
| #define HAVE_SENDFILE 1
| #define HAVE_EXECINFO 1
| #define HAVE_DAEMON 1
| #define HAVE_MKOSTEMP 1
| #define HAVE_INOTIFY 1
| #define HAVE_MALLOC_TRIM 1
| #define HAVE_INOTIFY_INIT1 1
| #define HAVE_RWLOCK 1
| #define HAVE_SPINLOCK 1
| #define HAVE_MUTEX_TIMEDLOCK 1
| #define HAVE_PTHREAD_BARRIER 1
| #define HAVE_PCRE 1
| /* end confdefs.h.  */
| 
| /* Override any GCC internal prototype to avoid an error.
|    Use char because int might match the return type of a GCC
|    builtin and then its argument prototype would still apply.  */
| #ifdef __cplusplus
| extern "C"
| #endif
| char nghttp2_hd_inflate_new ();
| int
| main ()
| {
| return nghttp2_hd_inflate_new ();
|   ;
|   return 0;
| }
configure:6156: result: no
configure:6165: checking for gzgets in -lz
configure:6190: cc -o conftest -Wall -pthread -g -O2   -lpthread conftest.c -lz   >&5
configure:6190: $? = 0
configure:6199: result: yes
configure:6904: checking for ld used by cc
configure:6971: result: /opt/rh/devtoolset-7/root/usr/libexec/gcc/x86_64-redhat-linux/7/ld
configure:6978: checking if the linker (/opt/rh/devtoolset-7/root/usr/libexec/gcc/x86_64-redhat-linux/7/ld) is GNU ld
configure:6993: result: yes
configure:6998: checking for /opt/rh/devtoolset-7/root/usr/libexec/gcc/x86_64-redhat-linux/7/ld option to reload object files
configure:7005: result: -r
configure:7023: checking for BSD-compatible nm
configure:7072: result: /opt/rh/devtoolset-7/root/usr/bin/nm -B
configure:7076: checking whether ln -s works
configure:7080: result: yes
configure:7087: checking how to recognize dependent libraries
configure:7273: result: pass_all
configure:7358: cc -c -Wall -pthread -g -O2  conftest.c >&5
configure:7361: $? = 0
configure:7491: checking for ANSI C header files
configure:7511: cc -c -Wall -pthread -g -O2  conftest.c >&5
configure:7511: $? = 0
configure:7584: cc -o conftest -Wall -pthread -g -O2   -lpthread conftest.c  >&5
configure:7584: $? = 0
configure:7584: ./conftest
configure:7584: $? = 0
configure:7595: result: yes
configure:7608: checking for sys/types.h
configure:7608: cc -c -Wall -pthread -g -O2  conftest.c >&5
configure:7608: $? = 0
configure:7608: result: yes
configure:7608: checking for sys/stat.h
configure:7608: cc -c -Wall -pthread -g -O2  conftest.c >&5
configure:7608: $? = 0
configure:7608: result: yes
configure:7608: checking for stdlib.h
configure:7608: cc -c -Wall -pthread -g -O2  conftest.c >&5
configure:7608: $? = 0
configure:7608: result: yes
configure:7608: checking for string.h
configure:7608: cc -c -Wall -pthread -g -O2  conftest.c >&5
configure:7608: $? = 0
configure:7608: result: yes
configure:7608: checking for memory.h
configure:7608: cc -c -Wall -pthread -g -O2  conftest.c >&5
configure:7608: $? = 0
configure:7608: result: yes
configure:7608: checking for strings.h
configure:7608: cc -c -Wall -pthread -g -O2  conftest.c >&5
configure:7608: $? = 0
configure:7608: result: yes
configure:7608: checking for inttypes.h
configure:7608: cc -c -Wall -pthread -g -O2  conftest.c >&5
configure:7608: $? = 0
configure:7608: result: yes
configure:7608: checking for stdint.h
configure:7608: cc -c -Wall -pthread -g -O2  conftest.c >&5
configure:7608: $? = 0
configure:7608: result: yes
configure:7608: checking for unistd.h
configure:7608: cc -c -Wall -pthread -g -O2  conftest.c >&5
configure:7608: $? = 0
configure:7608: result: yes
configure:7622: checking dlfcn.h usability
configure:7622: cc -c -Wall -pthread -g -O2  conftest.c >&5
configure:7622: $? = 0
configure:7622: result: yes
configure:7622: checking dlfcn.h presence
configure:7622: cc -E  conftest.c
configure:7622: $? = 0
configure:7622: result: yes
configure:7622: checking for dlfcn.h
configure:7622: result: yes
configure:7644: checking the maximum length of command line arguments
configure:7756: result: 1572864
configure:7768: checking command to parse /opt/rh/devtoolset-7/root/usr/bin/nm -B output from cc object
configure:7873: cc -c -Wall -pthread -g -O2  conftest.c >&5
configure:7876: $? = 0
configure:7880: /opt/rh/devtoolset-7/root/usr/bin/nm -B conftest.o \| sed -n -e 's/^.*[ 	]\([ABCDGIRSTW][ABCDGIRSTW]*\)[ 	][ 	]*\([_A-Za-z][_A-Za-z0-9]*\)$/\1 \2 \2/p' \> conftest.nm
configure:7883: $? = 0
configure:7935: cc -o conftest -Wall -pthread -g -O2   -lpthread conftest.c conftstm.o >&5
configure:7938: $? = 0
configure:7976: result: ok
configure:7980: checking for objdir
configure:7995: result: .libs
configure:8087: checking for ar
configure:8103: found /opt/rh/devtoolset-7/root/usr/bin/ar
configure:8114: result: ar
configure:8179: checking for ranlib
configure:8195: found /opt/rh/devtoolset-7/root/usr/bin/ranlib
configure:8206: result: ranlib
configure:8271: checking for strip
configure:8287: found /opt/rh/devtoolset-7/root/usr/bin/strip
configure:8298: result: strip
configure:8867: checking if cc supports -fno-rtti -fno-exceptions
configure:8885: cc -c -Wall -pthread -g -O2  -fno-rtti -fno-exceptions conftest.c >&5
cc1: warning: command line option '-fno-rtti' is valid for C++/ObjC++ but not for C
configure:8889: $? = 0
configure:8902: result: no
configure:8917: checking for cc option to produce PIC
configure:9157: result: -fPIC
configure:9165: checking if cc PIC flag -fPIC works
configure:9183: cc -c -Wall -pthread -g -O2  -fPIC -DPIC conftest.c >&5
configure:9187: $? = 0
configure:9200: result: yes
configure:9228: checking if cc static flag -static works
configure:9256: result: no
configure:9266: checking if cc supports -c -o file.o
configure:9287: cc -c -Wall -pthread -g -O2  -o out/conftest2.o conftest.c >&5
configure:9291: $? = 0
configure:9313: result: yes
configure:9339: checking whether the cc linker (/opt/rh/devtoolset-7/root/usr/libexec/gcc/x86_64-redhat-linux/7/ld -m elf_x86_64) supports shared libraries
configure:10267: result: yes
configure:10288: checking whether -lc should be explicitly linked in
configure:10293: cc -c -Wall -pthread -g -O2  conftest.c >&5
configure:10296: $? = 0
configure:10311: cc -shared conftest.o  -v -Wl,-soname -Wl,conftest -o conftest 2\>\&1 \| grep  -lc  \>/dev/null 2\>\&1
configure:10314: $? = 0
configure:10326: result: no
configure:10334: checking dynamic linker characteristics
configure:10932: result: GNU/Linux ld.so
configure:10956: checking how to hardcode library paths into programs
configure:10981: result: immediate
configure:10995: checking whether stripping libraries is possible
configure:11000: result: yes
configure:11517: checking if libtool supports shared libraries
configure:11519: result: yes
configure:11522: checking whether to build shared libraries
configure:11543: result: yes
configure:11546: checking whether to build static libraries
configure:11550: result: no
configure:11645: result:
creating libtool
configure:15344: creating ./config.status

## ---------------------- ##
## Running config.status. ##
## ---------------------- ##

This file was extended by config.status, which was
generated by GNU Autoconf 2.69.  Invocation command line was

  CONFIG_FILES    = 
  CONFIG_HEADERS  = 
  CONFIG_LINKS    = 
  CONFIG_COMMANDS = 
  $ ./config.status 

on myvps.org

config.status:700: creating config.h

## ---------------- ##
## Cache variables. ##
## ---------------- ##

ac_cv_build=x86_64-unknown-linux-gnu
ac_cv_c_compiler_gnu=yes
ac_cv_env_CC_set=
ac_cv_env_CC_value=
ac_cv_env_CFLAGS_set=
ac_cv_env_CFLAGS_value=
ac_cv_env_CPPFLAGS_set=
ac_cv_env_CPPFLAGS_value=
ac_cv_env_CPP_set=
ac_cv_env_CPP_value=
ac_cv_env_LDFLAGS_set=
ac_cv_env_LDFLAGS_value=
ac_cv_env_LIBS_set=
ac_cv_env_LIBS_value=
ac_cv_env_build_alias_set=
ac_cv_env_build_alias_value=
ac_cv_env_host_alias_set=
ac_cv_env_host_alias_value=
ac_cv_env_target_alias_set=
ac_cv_env_target_alias_value=
ac_cv_header_dlfcn_h=yes
ac_cv_header_inttypes_h=yes
ac_cv_header_memory_h=yes
ac_cv_header_stdc=yes
ac_cv_header_stdint_h=yes
ac_cv_header_stdlib_h=yes
ac_cv_header_string_h=yes
ac_cv_header_strings_h=yes
ac_cv_header_sys_stat_h=yes
ac_cv_header_sys_types_h=yes
ac_cv_header_unistd_h=yes
ac_cv_host=x86_64-unknown-linux-gnu
ac_cv_lib_c_accept4=yes
ac_cv_lib_c_backtrace=yes
ac_cv_lib_c_daemon=yes
ac_cv_lib_c_epoll_create=yes
ac_cv_lib_c_eventfd=yes
ac_cv_lib_c_inotify_init1=yes
ac_cv_lib_c_inotify_init=yes
ac_cv_lib_c_kqueue=no
ac_cv_lib_c_malloc_trim=yes
ac_cv_lib_c_mkostemp=yes
ac_cv_lib_c_poll=yes
ac_cv_lib_c_sendfile=yes
ac_cv_lib_c_signalfd=yes
ac_cv_lib_c_timerfd_create=yes
ac_cv_lib_hiredis_redisConnect=no
ac_cv_lib_nghttp2_nghttp2_hd_inflate_new=no
ac_cv_lib_pcre_pcre_compile=yes
ac_cv_lib_pthread_pthread_barrier_init=yes
ac_cv_lib_pthread_pthread_mutex_timedlock=yes
ac_cv_lib_pthread_pthread_rwlock_init=yes
ac_cv_lib_pthread_pthread_spin_lock=yes
ac_cv_lib_rt_clock_gettime=yes
ac_cv_lib_z_gzgets=yes
ac_cv_objext=o
ac_cv_path_EGREP='/usr/bin/grep -E'
ac_cv_path_GREP=/usr/bin/grep
ac_cv_prog_AWK=gawk
ac_cv_prog_CPP='cc -E'
ac_cv_prog_ac_ct_AR=ar
ac_cv_prog_ac_ct_CC=cc
ac_cv_prog_ac_ct_RANLIB=ranlib
ac_cv_prog_ac_ct_STRIP=strip
ac_cv_prog_cc_c89=
ac_cv_prog_cc_cc_c_o=yes
ac_cv_prog_cc_g=yes
ac_cv_target=x86_64-unknown-linux-gnu
lt_cv_deplibs_check_method=pass_all
lt_cv_file_magic_cmd='$MAGIC_CMD'
lt_cv_file_magic_test_file=
lt_cv_ld_reload_flag=-r
lt_cv_objdir=.libs
lt_cv_path_LD=/opt/rh/devtoolset-7/root/usr/libexec/gcc/x86_64-redhat-linux/7/ld
lt_cv_path_NM='/opt/rh/devtoolset-7/root/usr/bin/nm -B'
lt_cv_path_SED=/usr/bin/sed
lt_cv_prog_compiler_c_o=yes
lt_cv_prog_compiler_pic_works=yes
lt_cv_prog_compiler_rtti_exceptions=no
lt_cv_prog_compiler_static_works=no
lt_cv_prog_gnu_ld=yes
lt_cv_sys_global_symbol_pipe='sed -n -e '\''s/^.*[ 	]\([ABCDGIRSTW][ABCDGIRSTW]*\)[ 	][ 	]*\([_A-Za-z][_A-Za-z0-9]*\)$/\1 \2 \2/p'\'''
lt_cv_sys_global_symbol_to_c_name_address='sed -n -e '\''s/^: \([^ ]*\) $/  {\"\1\", (lt_ptr) 0},/p'\'' -e '\''s/^[BCDEGRST] \([^ ]*\) \([^ ]*\)$/  {"\2", (lt_ptr) \&\2},/p'\'''
lt_cv_sys_global_symbol_to_cdecl='sed -n -e '\''s/^. .* \(.*\)$/extern int \1;/p'\'''
lt_cv_sys_lib_dlsearch_path_spec='/lib /usr/lib /opt/rh/devtoolset-6/root/usr/lib64/dyninst /usr/lib64/dyninst /usr/lib64/llvm3.9/lib /usr/lib64/llvm5.0/lib /usr/local/lib /usr/lib64/mysql /usr/local/mysql/lib /usr/lib64/tcl8.5 '
lt_cv_sys_lib_search_path_spec='/opt/rh/devtoolset-7/root/usr/lib/gcc/x86_64-redhat-linux/7 /opt/rh/devtoolset-7/root/usr/lib64 /lib64 /usr/lib64'
lt_cv_sys_max_cmd_len=1572864
lt_lt_cv_prog_compiler_c_o='"yes"'
lt_lt_cv_sys_global_symbol_pipe='"sed -n -e '\''s/^.*[ 	]\\([ABCDGIRSTW][ABCDGIRSTW]*\\)[ 	][ 	]*\\([_A-Za-z][_A-Za-z0-9]*\\)\$/\\1 \\2 \\2/p'\''"'
lt_lt_cv_sys_global_symbol_to_c_name_address='"sed -n -e '\''s/^: \\([^ ]*\\) \$/  {\\\"\\1\\\", (lt_ptr) 0},/p'\'' -e '\''s/^[BCDEGRST] \\([^ ]*\\) \\([^ ]*\\)\$/  {\"\\2\", (lt_ptr) \\&\\2},/p'\''"'
lt_lt_cv_sys_global_symbol_to_cdecl='"sed -n -e '\''s/^. .* \\(.*\\)\$/extern int \\1;/p'\''"'
php_cv_cc_dashr=no
php_cv_cc_rpath=yes

## ----------------- ##
## Output variables. ##
## ----------------- ##

AR='ar'
AWK='gawk'
CC='cc'
CFLAGS='-Wall -pthread -g -O2'
CONFIGURE_COMMAND=' '\''./configure'\''  '\''--with-php-config=/usr/local/php56/bin/php-config'\'''
CONFIGURE_OPTIONS=' '\''--with-php-config=/usr/local/php56/bin/php-config'\'''
CPP='cc -E'
CPPFLAGS=' -DHAVE_CONFIG_H'
DEFS='-DHAVE_CONFIG_H'
DSYMUTIL=''
ECHO='echo'
ECHO_C=''
ECHO_N='-n'
ECHO_T=''
EGREP='/usr/bin/grep -E'
EXEEXT=''
GREP='/usr/bin/grep'
LDFLAGS=' -lpthread'
LIBOBJS=''
LIBS=''
LIBTOOL='$(SHELL) $(top_builddir)/libtool'
LN_S='ln -s'
LTLIBOBJS=''
NMEDIT=''
OBJEXT='o'
PACKAGE_BUGREPORT=''
PACKAGE_NAME=''
PACKAGE_STRING=''
PACKAGE_TARNAME=''
PACKAGE_URL=''
PACKAGE_VERSION=''
PATH_SEPARATOR=':'
RANLIB='ranlib'
RE2C='exit 0;'
SED='/usr/bin/sed'
SHELL='/bin/sh'
SHLIB_DL_SUFFIX_NAME='so'
SHLIB_SUFFIX_NAME='so'
STRIP='strip'
ac_ct_CC='cc'
bindir='${exec_prefix}/bin'
build='x86_64-unknown-linux-gnu'
build_alias=''
build_cpu='x86_64'
build_os='linux-gnu'
build_vendor='unknown'
datadir='${datarootdir}'
datarootdir='${prefix}/share'
docdir='${datarootdir}/doc/${PACKAGE}'
dvidir='${docdir}'
exec_prefix='$(prefix)'
host='x86_64-unknown-linux-gnu'
host_alias='x86_64-unknown-linux-gnu'
host_cpu='x86_64'
host_os='linux-gnu'
host_vendor='unknown'
htmldir='${docdir}'
includedir='${prefix}/include'
infodir='${datarootdir}/info'
libdir='${exec_prefix}/lib'
libexecdir='${exec_prefix}/libexec'
localedir='${datarootdir}/locale'
localstatedir='${prefix}/var'
mandir='${datarootdir}/man'
oldincludedir='/usr/include'
pdfdir='${docdir}'
prefix='/usr/local/php56'
program_transform_name='s,x,x,'
psdir='${docdir}'
sbindir='${exec_prefix}/sbin'
sharedstatedir='${prefix}/com'
sysconfdir='${prefix}/etc'
target='x86_64-unknown-linux-gnu'
target_alias=''
target_cpu='x86_64'
target_os='linux-gnu'
target_vendor='unknown'

## ----------- ##
## confdefs.h. ##
## ----------- ##

/* confdefs.h */
#define PACKAGE_NAME ""
#define PACKAGE_TARNAME ""
#define PACKAGE_VERSION ""
#define PACKAGE_STRING ""
#define PACKAGE_BUGREPORT ""
#define PACKAGE_URL ""
#define SW_COROUTINE 1
#define HAVE_CPU_AFFINITY 1
#define HAVE_REUSEPORT 1
#define HAVE_FUTEX 1
#define HAVE_CLOCK_GETTIME 1
#define HAVE_ACCEPT4 1
#define HAVE_SIGNALFD 1
#define HAVE_TIMERFD 1
#define HAVE_EVENTFD 1
#define HAVE_EPOLL 1
#define HAVE_POLL 1
#define HAVE_SENDFILE 1
#define HAVE_EXECINFO 1
#define HAVE_DAEMON 1
#define HAVE_MKOSTEMP 1
#define HAVE_INOTIFY 1
#define HAVE_MALLOC_TRIM 1
#define HAVE_INOTIFY_INIT1 1
#define HAVE_RWLOCK 1
#define HAVE_SPINLOCK 1
#define HAVE_MUTEX_TIMEDLOCK 1
#define HAVE_PTHREAD_BARRIER 1
#define HAVE_PCRE 1
#define SW_HAVE_ZLIB 1
#define COMPILE_DL_SWOOLE 1
#define STDC_HEADERS 1
#define HAVE_SYS_TYPES_H 1
#define HAVE_SYS_STAT_H 1
#define HAVE_STDLIB_H 1
#define HAVE_STRING_H 1
#define HAVE_MEMORY_H 1
#define HAVE_STRINGS_H 1
#define HAVE_INTTYPES_H 1
#define HAVE_STDINT_H 1
#define HAVE_UNISTD_H 1
#define HAVE_DLFCN_H 1

configure: exit 0
