This file contains any messages produced by compilers while
running configure, to aid debugging if configure makes a mistake.

It was created by configure, which was
generated by GNU Autoconf 2.69.  Invocation command line was

  $ ./configure --with-php-config=/usr/local/php56/bin/php-config

## --------- ##
## Platform. ##
## --------- ##

hostname = myvps.org
uname -m = x86_64
uname -r = 4.18.4-1.el7.elrepo.x86_64
uname -s = Linux
uname -v = #1 SMP Wed Aug 22 15:40:19 EDT 2018

/usr/bin/uname -p = x86_64
/bin/uname -X     = unknown

/bin/arch              = x86_64
/usr/bin/arch -k       = unknown
/usr/convex/getsysinfo = unknown
/usr/bin/hostinfo      = unknown
/bin/machine           = unknown
/usr/bin/oslevel       = unknown
/bin/universe          = unknown

PATH: /opt/rh/devtoolset-7/root/usr/bin
PATH: /usr/local/redis/bin
PATH: /usr/local/mysql/bin
PATH: /usr/local/nginx/sbin
PATH: /usr/local/php/bin
PATH: /usr/local/sbin
PATH: /usr/local/bin
PATH: /usr/sbin
PATH: /usr/bin


## ----------- ##
## Core tests. ##
## ----------- ##

configure:2477: checking for grep that handles long lines and -e
configure:2535: result: /usr/bin/grep
configure:2540: checking for egrep
configure:2602: result: /usr/bin/grep -E
configure:2607: checking for a sed that does not truncate output
configure:2661: result: /usr/bin/sed
configure:2793: checking for cc
configure:2809: found /opt/rh/devtoolset-7/root/usr/bin/cc
configure:2820: result: cc
configure:2851: checking for C compiler version
configure:2860: cc --version >&5
cc (GCC) 7.3.1 20180303 (Red Hat 7.3.1-5)
Copyright (C) 2017 Free Software Foundation, Inc.
This is free software; see the source for copying conditions.  There is NO
warranty; not even for MERCHANTABILITY or FITNESS FOR A PARTICULAR PURPOSE.

configure:2871: $? = 0
configure:2860: cc -v >&5
Using built-in specs.
COLLECT_GCC=cc
COLLECT_LTO_WRAPPER=/opt/rh/devtoolset-7/root/usr/libexec/gcc/x86_64-redhat-linux/7/lto-wrapper
Target: x86_64-redhat-linux
Configured with: ../configure --enable-bootstrap --enable-languages=c,c++,fortran,lto --prefix=/opt/rh/devtoolset-7/root/usr --mandir=/opt/rh/devtoolset-7/root/usr/share/man --infodir=/opt/rh/devtoolset-7/root/usr/share/info --with-bugurl=http://bugzilla.redhat.com/bugzilla --enable-shared --enable-threads=posix --enable-checking=release --enable-multilib --with-system-zlib --enable-__cxa_atexit --disable-libunwind-exceptions --enable-gnu-unique-object --enable-linker-build-id --with-gcc-major-version-only --enable-plugin --with-linker-hash-style=gnu --enable-initfini-array --with-default-libstdcxx-abi=gcc4-compatible --with-isl=/builddir/build/BUILD/gcc-7.3.1-20180303/obj-x86_64-redhat-linux/isl-install --enable-libmpx --enable-gnu-indirect-function --with-tune=generic --with-arch_32=i686 --build=x86_64-redhat-linux
Thread model: posix
gcc version 7.3.1 20180303 (Red Hat 7.3.1-5) (GCC) 
configure:2871: $? = 0
configure:2860: cc -V >&5
cc: error: unrecognized command line option '-V'
cc: fatal error: no input files
compilation terminated.
configure:2871: $? = 1
configure:2860: cc -qversion >&5
cc: error: unrecognized command line option '-qversion'; did you mean '--version'?
cc: fatal error: no input files
compilation terminated.
configure:2871: $? = 1
configure:2891: checking whether the C compiler works
configure:2913: cc    conftest.c  >&5
configure:2917: $? = 0
configure:2965: result: yes
configure:2968: checking for C compiler default output file name
configure:2970: result: a.out
configure:2976: checking for suffix of executables
configure:2983: cc -o conftest    conftest.c  >&5
configure:2987: $? = 0
configure:3009: result: 
configure:3031: checking whether we are cross compiling
configure:3039: cc -o conftest    conftest.c  >&5
configure:3043: $? = 0
configure:3050: ./conftest
configure:3054: $? = 0
configure:3069: result: no
configure:3074: checking for suffix of object files
configure:3096: cc -c   conftest.c >&5
configure:3100: $? = 0
configure:3121: result: o
configure:3125: checking whether we are using the GNU C compiler
configure:3144: cc -c   conftest.c >&5
configure:3144: $? = 0
configure:3153: result: yes
configure:3162: checking whether cc accepts -g
configure:3182: cc -c -g  conftest.c >&5
configure:3182: $? = 0
configure:3223: result: yes
configure:3240: checking for cc option to accept ISO C89
configure:3303: cc  -c -g -O2  conftest.c >&5
configure:3303: $? = 0
configure:3316: result: none needed
configure:3342: checking how to run the C preprocessor
configure:3373: cc -E  conftest.c
configure:3373: $? = 0
configure:3387: cc -E  conftest.c
conftest.c:9:10: fatal error: ac_nonexistent.h: No such file or directory
 #include <ac_nonexistent.h>
          ^~~~~~~~~~~~~~~~~~
compilation terminated.
configure:3387: $? = 1
configure: failed program was:
| /* confdefs.h */
| #define PACKAGE_NAME ""
| #define PACKAGE_TARNAME ""
| #define PACKAGE_VERSION ""
| #define PACKAGE_STRING ""
| #define PACKAGE_BUGREPORT ""
| #define PACKAGE_URL ""
| /* end confdefs.h.  */
| #include <ac_nonexistent.h>
configure:3412: result: cc -E
configure:3432: cc -E  conftest.c
configure:3432: $? = 0
configure:3446: cc -E  conftest.c
conftest.c:9:10: fatal error: ac_nonexistent.h: No such file or directory
 #include <ac_nonexistent.h>
          ^~~~~~~~~~~~~~~~~~
compilation terminated.
configure:3446: $? = 1
configure: failed program was:
| /* confdefs.h */
| #define PACKAGE_NAME ""
| #define PACKAGE_TARNAME ""
| #define PACKAGE_VERSION ""
| #define PACKAGE_STRING ""
| #define PACKAGE_BUGREPORT ""
| #define PACKAGE_URL ""
| /* end confdefs.h.  */
| #include <ac_nonexistent.h>
configure:3477: checking for icc
configure:3486: result: no
configure:3500: checking for suncc
configure:3509: result: no
configure:3527: checking whether cc understands -c and -o together
configure:3555: cc -c conftest.c -o conftest2.o >&5
configure:3559: $? = 0
configure:3565: cc -c conftest.c -o conftest2.o >&5
configure:3569: $? = 0
configure:3624: result: yes
configure:3638: checking for system library directory
configure:3653: result: lib
configure:3660: checking if compiler supports -R
configure:3679: cc -o conftest -g -O2   conftest.c -R /usr/lib  >&5
cc: error: unrecognized command line option '-R'
configure:3679: $? = 1
configure: failed program was:
| /* confdefs.h */
| #define PACKAGE_NAME ""
| #define PACKAGE_TARNAME ""
| #define PACKAGE_VERSION ""
| #define PACKAGE_STRING ""
| #define PACKAGE_BUGREPORT ""
| #define PACKAGE_URL ""
| /* end confdefs.h.  */
| 
| int
| main ()
| {
| 
|   ;
|   return 0;
| }
configure:3689: result: no
configure:3694: checking if compiler supports -Wl,-rpath,
configure:3713: cc -o conftest -g -O2   conftest.c -Wl,-rpath,/usr/lib  >&5
configure:3713: $? = 0
configure:3723: result: yes
configure:3768: checking build system type
configure:3782: result: x86_64-unknown-linux-gnu
configure:3802: checking host system type
configure:3815: result: x86_64-unknown-linux-gnu
configure:3835: checking target system type
configure:3848: result: x86_64-unknown-linux-gnu
configure:3951: checking for PHP prefix
configure:3953: result: /usr/local/php56
configure:3955: checking for PHP includes
configure:3957: result: -I/usr/local/php56/include/php -I/usr/local/php56/include/php/main -I/usr/local/php56/include/php/TSRM -I/usr/local/php56/include/php/Zend -I/usr/local/php56/include/php/ext -I/usr/local/php56/include/php/ext/date/lib
configure:3959: checking for PHP extension directory
configure:3961: result: /usr/local/php56/lib/php/extensions/no-debug-non-zts-20131226
configure:3963: checking for PHP installed headers prefix
configure:3965: result: /usr/local/php56/include/php
configure:3968: checking if debug is enabled
configure:3994: result: no
configure:3997: checking if zts is enabled
configure:4023: result: no
configure:4094: checking for re2c
configure:4124: result: no
configure:4149: WARNING: You will need re2c 0.13.4 or later if you want to regenerate PHP parsers.
configure:4163: checking for gawk
configure:4180: found /usr/bin/gawk
configure:4191: result: gawk
configure:4239: checking whether to enable igbinary support
configure:4278: result: yes, shared
configure:4285: checking for ANSI C header files
configure:4305: cc -c -g -O2  conftest.c >&5
configure:4305: $? = 0
configure:4378: cc -o conftest -g -O2   conftest.c  >&5
configure:4378: $? = 0
configure:4378: ./conftest
configure:4378: $? = 0
configure:4389: result: yes
configure:4402: checking for sys/types.h
configure:4402: cc -c -g -O2  conftest.c >&5
configure:4402: $? = 0
configure:4402: result: yes
configure:4402: checking for sys/stat.h
configure:4402: cc -c -g -O2  conftest.c >&5
configure:4402: $? = 0
configure:4402: result: yes
configure:4402: checking for stdlib.h
configure:4402: cc -c -g -O2  conftest.c >&5
configure:4402: $? = 0
configure:4402: result: yes
configure:4402: checking for string.h
configure:4402: cc -c -g -O2  conftest.c >&5
configure:4402: $? = 0
configure:4402: result: yes
configure:4402: checking for memory.h
configure:4402: cc -c -g -O2  conftest.c >&5
configure:4402: $? = 0
configure:4402: result: yes
configure:4402: checking for strings.h
configure:4402: cc -c -g -O2  conftest.c >&5
configure:4402: $? = 0
configure:4402: result: yes
configure:4402: checking for inttypes.h
configure:4402: cc -c -g -O2  conftest.c >&5
configure:4402: $? = 0
configure:4402: result: yes
configure:4402: checking for stdint.h
configure:4402: cc -c -g -O2  conftest.c >&5
configure:4402: $? = 0
configure:4402: result: yes
configure:4402: checking for unistd.h
configure:4402: cc -c -g -O2  conftest.c >&5
configure:4402: $? = 0
configure:4402: result: yes
configure:4416: checking stdbool.h usability
configure:4416: cc -c -g -O2  conftest.c >&5
configure:4416: $? = 0
configure:4416: result: yes
configure:4416: checking stdbool.h presence
configure:4416: cc -E  conftest.c
configure:4416: $? = 0
configure:4416: result: yes
configure:4416: checking for stdbool.h
configure:4416: result: yes
configure:4430: checking stddef.h usability
configure:4430: cc -c -g -O2  conftest.c >&5
configure:4430: $? = 0
configure:4430: result: yes
configure:4430: checking stddef.h presence
configure:4430: cc -E  conftest.c
configure:4430: $? = 0
configure:4430: result: yes
configure:4430: checking for stddef.h
configure:4430: result: yes
configure:4444: checking for stdint.h
configure:4444: result: yes
configure:4457: checking PHP version
configure:4477: cc -c -g -O2  conftest.c >&5
configure:4477: $? = 0
configure:4481: result: PHP 5
configure:4494: checking for APC/APCU includes
configure:4511: result: apc_serializer.h bundled
configure:4528: checking size of long
configure:4533: cc -o conftest -g -O2   conftest.c  >&5
configure:4533: $? = 0
configure:4533: ./conftest
configure:4533: $? = 0
configure:4547: result: 8
configure:4558: checking compiler type
configure:4567: result: gcc
configure:5024: checking for ld used by cc
configure:5091: result: /opt/rh/devtoolset-7/root/usr/libexec/gcc/x86_64-redhat-linux/7/ld
configure:5098: checking if the linker (/opt/rh/devtoolset-7/root/usr/libexec/gcc/x86_64-redhat-linux/7/ld) is GNU ld
configure:5113: result: yes
configure:5118: checking for /opt/rh/devtoolset-7/root/usr/libexec/gcc/x86_64-redhat-linux/7/ld option to reload object files
configure:5125: result: -r
configure:5143: checking for BSD-compatible nm
configure:5192: result: /opt/rh/devtoolset-7/root/usr/bin/nm -B
configure:5196: checking whether ln -s works
configure:5200: result: yes
configure:5207: checking how to recognize dependent libraries
configure:5393: result: pass_all
configure:5478: cc -c -g -O2  conftest.c >&5
configure:5481: $? = 0
configure:5613: checking dlfcn.h usability
configure:5613: cc -c -g -O2  conftest.c >&5
configure:5613: $? = 0
configure:5613: result: yes
configure:5613: checking dlfcn.h presence
configure:5613: cc -E  conftest.c
configure:5613: $? = 0
configure:5613: result: yes
configure:5613: checking for dlfcn.h
configure:5613: result: yes
configure:5635: checking the maximum length of command line arguments
configure:5747: result: 1572864
configure:5759: checking command to parse /opt/rh/devtoolset-7/root/usr/bin/nm -B output from cc object
configure:5864: cc -c -g -O2  conftest.c >&5
configure:5867: $? = 0
configure:5871: /opt/rh/devtoolset-7/root/usr/bin/nm -B conftest.o \| sed -n -e 's/^.*[ 	]\([ABCDGIRSTW][ABCDGIRSTW]*\)[ 	][ 	]*\([_A-Za-z][_A-Za-z0-9]*\)$/\1 \2 \2/p' \> conftest.nm
configure:5874: $? = 0
configure:5926: cc -o conftest -g -O2   conftest.c conftstm.o >&5
configure:5929: $? = 0
configure:5967: result: ok
configure:5971: checking for objdir
configure:5986: result: .libs
configure:6078: checking for ar
configure:6094: found /opt/rh/devtoolset-7/root/usr/bin/ar
configure:6105: result: ar
configure:6170: checking for ranlib
configure:6186: found /opt/rh/devtoolset-7/root/usr/bin/ranlib
configure:6197: result: ranlib
configure:6262: checking for strip
configure:6278: found /opt/rh/devtoolset-7/root/usr/bin/strip
configure:6289: result: strip
configure:6858: checking if cc supports -fno-rtti -fno-exceptions
configure:6876: cc -c -g -O2  -fno-rtti -fno-exceptions conftest.c >&5
cc1: warning: command line option '-fno-rtti' is valid for C++/ObjC++ but not for C
configure:6880: $? = 0
configure:6893: result: no
configure:6908: checking for cc option to produce PIC
configure:7148: result: -fPIC
configure:7156: checking if cc PIC flag -fPIC works
configure:7174: cc -c -g -O2  -fPIC -DPIC conftest.c >&5
configure:7178: $? = 0
configure:7191: result: yes
configure:7219: checking if cc static flag -static works
configure:7247: result: no
configure:7257: checking if cc supports -c -o file.o
configure:7278: cc -c -g -O2  -o out/conftest2.o conftest.c >&5
configure:7282: $? = 0
configure:7304: result: yes
configure:7330: checking whether the cc linker (/opt/rh/devtoolset-7/root/usr/libexec/gcc/x86_64-redhat-linux/7/ld -m elf_x86_64) supports shared libraries
configure:8258: result: yes
configure:8279: checking whether -lc should be explicitly linked in
configure:8284: cc -c -g -O2  conftest.c >&5
configure:8287: $? = 0
configure:8302: cc -shared conftest.o  -v -Wl,-soname -Wl,conftest -o conftest 2\>\&1 \| grep  -lc  \>/dev/null 2\>\&1
configure:8305: $? = 0
configure:8317: result: no
configure:8325: checking dynamic linker characteristics
configure:8923: result: GNU/Linux ld.so
configure:8947: checking how to hardcode library paths into programs
configure:8972: result: immediate
configure:8986: checking whether stripping libraries is possible
configure:8991: result: yes
configure:9508: checking if libtool supports shared libraries
configure:9510: result: yes
configure:9513: checking whether to build shared libraries
configure:9534: result: yes
configure:9537: checking whether to build static libraries
configure:9541: result: no
configure:9636: result:
creating libtool
configure:13335: creating ./config.status

## ---------------------- ##
## Running config.status. ##
## ---------------------- ##

This file was extended by config.status, which was
generated by GNU Autoconf 2.69.  Invocation command line was

  CONFIG_FILES    = 
  CONFIG_HEADERS  = 
  CONFIG_LINKS    = 
  CONFIG_COMMANDS = 
  $ ./config.status 

on myvps.org

config.status:682: creating config.h

## ---------------- ##
## Cache variables. ##
## ---------------- ##

ac_cv_build=x86_64-unknown-linux-gnu
ac_cv_c_compiler_gnu=yes
ac_cv_env_CC_set=
ac_cv_env_CC_value=
ac_cv_env_CFLAGS_set=
ac_cv_env_CFLAGS_value=
ac_cv_env_CPPFLAGS_set=
ac_cv_env_CPPFLAGS_value=
ac_cv_env_CPP_set=
ac_cv_env_CPP_value=
ac_cv_env_LDFLAGS_set=
ac_cv_env_LDFLAGS_value=
ac_cv_env_LIBS_set=
ac_cv_env_LIBS_value=
ac_cv_env_build_alias_set=
ac_cv_env_build_alias_value=
ac_cv_env_host_alias_set=
ac_cv_env_host_alias_value=
ac_cv_env_target_alias_set=
ac_cv_env_target_alias_value=
ac_cv_header_dlfcn_h=yes
ac_cv_header_inttypes_h=yes
ac_cv_header_memory_h=yes
ac_cv_header_stdbool_h=yes
ac_cv_header_stdc=yes
ac_cv_header_stddef_h=yes
ac_cv_header_stdint_h=yes
ac_cv_header_stdlib_h=yes
ac_cv_header_string_h=yes
ac_cv_header_strings_h=yes
ac_cv_header_sys_stat_h=yes
ac_cv_header_sys_types_h=yes
ac_cv_header_unistd_h=yes
ac_cv_host=x86_64-unknown-linux-gnu
ac_cv_objext=o
ac_cv_path_EGREP='/usr/bin/grep -E'
ac_cv_path_GREP=/usr/bin/grep
ac_cv_prog_AWK=gawk
ac_cv_prog_CPP='cc -E'
ac_cv_prog_ac_ct_AR=ar
ac_cv_prog_ac_ct_CC=cc
ac_cv_prog_ac_ct_RANLIB=ranlib
ac_cv_prog_ac_ct_STRIP=strip
ac_cv_prog_cc_c89=
ac_cv_prog_cc_cc_c_o=yes
ac_cv_prog_cc_g=yes
ac_cv_sizeof_long=8
ac_cv_target=x86_64-unknown-linux-gnu
lt_cv_deplibs_check_method=pass_all
lt_cv_file_magic_cmd='$MAGIC_CMD'
lt_cv_file_magic_test_file=
lt_cv_ld_reload_flag=-r
lt_cv_objdir=.libs
lt_cv_path_LD=/opt/rh/devtoolset-7/root/usr/libexec/gcc/x86_64-redhat-linux/7/ld
lt_cv_path_NM='/opt/rh/devtoolset-7/root/usr/bin/nm -B'
lt_cv_path_SED=/usr/bin/sed
lt_cv_prog_compiler_c_o=yes
lt_cv_prog_compiler_pic_works=yes
lt_cv_prog_compiler_rtti_exceptions=no
lt_cv_prog_compiler_static_works=no
lt_cv_prog_gnu_ld=yes
lt_cv_sys_global_symbol_pipe='sed -n -e '\''s/^.*[ 	]\([ABCDGIRSTW][ABCDGIRSTW]*\)[ 	][ 	]*\([_A-Za-z][_A-Za-z0-9]*\)$/\1 \2 \2/p'\'''
lt_cv_sys_global_symbol_to_c_name_address='sed -n -e '\''s/^: \([^ ]*\) $/  {\"\1\", (lt_ptr) 0},/p'\'' -e '\''s/^[BCDEGRST] \([^ ]*\) \([^ ]*\)$/  {"\2", (lt_ptr) \&\2},/p'\'''
lt_cv_sys_global_symbol_to_cdecl='sed -n -e '\''s/^. .* \(.*\)$/extern int \1;/p'\'''
lt_cv_sys_lib_dlsearch_path_spec='/lib /usr/lib /opt/rh/devtoolset-6/root/usr/lib64/dyninst /usr/lib64/dyninst /usr/lib64/llvm3.9/lib /usr/lib64/llvm5.0/lib /usr/local/lib /usr/lib64/mysql /usr/local/mysql/lib /usr/lib64/tcl8.5 '
lt_cv_sys_lib_search_path_spec='/opt/rh/devtoolset-7/root/usr/lib/gcc/x86_64-redhat-linux/7 /opt/rh/devtoolset-7/root/usr/lib64 /lib64 /usr/lib64'
lt_cv_sys_max_cmd_len=1572864
lt_lt_cv_prog_compiler_c_o='"yes"'
lt_lt_cv_sys_global_symbol_pipe='"sed -n -e '\''s/^.*[ 	]\\([ABCDGIRSTW][ABCDGIRSTW]*\\)[ 	][ 	]*\\([_A-Za-z][_A-Za-z0-9]*\\)\$/\\1 \\2 \\2/p'\''"'
lt_lt_cv_sys_global_symbol_to_c_name_address='"sed -n -e '\''s/^: \\([^ ]*\\) \$/  {\\\"\\1\\\", (lt_ptr) 0},/p'\'' -e '\''s/^[BCDEGRST] \\([^ ]*\\) \\([^ ]*\\)\$/  {\"\\2\", (lt_ptr) \\&\\2},/p'\''"'
lt_lt_cv_sys_global_symbol_to_cdecl='"sed -n -e '\''s/^. .* \\(.*\\)\$/extern int \\1;/p'\''"'
php_cv_cc_dashr=no
php_cv_cc_rpath=yes

## ----------------- ##
## Output variables. ##
## ----------------- ##

AR='ar'
AWK='gawk'
CC='cc'
CFLAGS='-g -O2'
CONFIGURE_COMMAND=' '\''./configure'\''  '\''--with-php-config=/usr/local/php56/bin/php-config'\'''
CONFIGURE_OPTIONS=' '\''--with-php-config=/usr/local/php56/bin/php-config'\'''
CPP='cc -E'
CPPFLAGS=' -DHAVE_CONFIG_H'
DEFS='-DHAVE_CONFIG_H'
DSYMUTIL=''
ECHO='echo'
ECHO_C=''
ECHO_N='-n'
ECHO_T=''
EGREP='/usr/bin/grep -E'
EXEEXT=''
GREP='/usr/bin/grep'
LDFLAGS=''
LIBOBJS=''
LIBS=''
LIBTOOL='$(SHELL) $(top_builddir)/libtool'
LN_S='ln -s'
LTLIBOBJS=''
NMEDIT=''
OBJEXT='o'
PACKAGE_BUGREPORT=''
PACKAGE_NAME=''
PACKAGE_STRING=''
PACKAGE_TARNAME=''
PACKAGE_URL=''
PACKAGE_VERSION=''
PATH_SEPARATOR=':'
RANLIB='ranlib'
RE2C='exit 0;'
SED='/usr/bin/sed'
SHELL='/bin/sh'
SHLIB_DL_SUFFIX_NAME='so'
SHLIB_SUFFIX_NAME='so'
STRIP='strip'
ac_ct_CC='cc'
bindir='${exec_prefix}/bin'
build='x86_64-unknown-linux-gnu'
build_alias=''
build_cpu='x86_64'
build_os='linux-gnu'
build_vendor='unknown'
datadir='${datarootdir}'
datarootdir='${prefix}/share'
docdir='${datarootdir}/doc/${PACKAGE}'
dvidir='${docdir}'
exec_prefix='$(prefix)'
host='x86_64-unknown-linux-gnu'
host_alias='x86_64-unknown-linux-gnu'
host_cpu='x86_64'
host_os='linux-gnu'
host_vendor='unknown'
htmldir='${docdir}'
includedir='${prefix}/include'
infodir='${datarootdir}/info'
libdir='${exec_prefix}/lib'
libexecdir='${exec_prefix}/libexec'
localedir='${datarootdir}/locale'
localstatedir='${prefix}/var'
mandir='${datarootdir}/man'
oldincludedir='/usr/include'
pdfdir='${docdir}'
prefix='/usr/local/php56'
program_transform_name='s,x,x,'
psdir='${docdir}'
sbindir='${exec_prefix}/sbin'
sharedstatedir='${prefix}/com'
sysconfdir='${prefix}/etc'
target='x86_64-unknown-linux-gnu'
target_alias=''
target_cpu='x86_64'
target_os='linux-gnu'
target_vendor='unknown'

## ----------- ##
## confdefs.h. ##
## ----------- ##

/* confdefs.h */
#define PACKAGE_NAME ""
#define PACKAGE_TARNAME ""
#define PACKAGE_VERSION ""
#define PACKAGE_STRING ""
#define PACKAGE_BUGREPORT ""
#define PACKAGE_URL ""
#define STDC_HEADERS 1
#define HAVE_SYS_TYPES_H 1
#define HAVE_SYS_STAT_H 1
#define HAVE_STDLIB_H 1
#define HAVE_STRING_H 1
#define HAVE_MEMORY_H 1
#define HAVE_STRINGS_H 1
#define HAVE_INTTYPES_H 1
#define HAVE_STDINT_H 1
#define HAVE_UNISTD_H 1
#define HAVE_STDBOOL_H 1
#define HAVE_STDDEF_H 1
#define HAVE_STDINT_H 1
#define HAVE_APC_SUPPORT 1
#define USE_BUNDLED_APC 1
#define SIZEOF_LONG 8
#define COMPILE_DL_IGBINARY 1
#define HAVE_DLFCN_H 1

configure: exit 0
