This file contains any messages produced by compilers while
running configure, to aid debugging if configure makes a mistake.

It was created by configure, which was
generated by GNU Autoconf 2.69.  Invocation command line was

  $ ./configure --with-php-config=/usr/local/php56/bin/php-config

## --------- ##
## Platform. ##
## --------- ##

hostname = myvps.org
uname -m = x86_64
uname -r = 4.18.4-1.el7.elrepo.x86_64
uname -s = Linux
uname -v = #1 SMP Wed Aug 22 15:40:19 EDT 2018

/usr/bin/uname -p = x86_64
/bin/uname -X     = unknown

/bin/arch              = x86_64
/usr/bin/arch -k       = unknown
/usr/convex/getsysinfo = unknown
/usr/bin/hostinfo      = unknown
/bin/machine           = unknown
/usr/bin/oslevel       = unknown
/bin/universe          = unknown

PATH: /opt/rh/devtoolset-7/root/usr/bin
PATH: /usr/local/redis/bin
PATH: /usr/local/mysql/bin
PATH: /usr/local/nginx/sbin
PATH: /usr/local/php/bin
PATH: /usr/local/sbin
PATH: /usr/local/bin
PATH: /usr/sbin
PATH: /usr/bin


## ----------- ##
## Core tests. ##
## ----------- ##

configure:2294: checking for grep that handles long lines and -e
configure:2352: result: /usr/bin/grep
configure:2357: checking for egrep
configure:2419: result: /usr/bin/grep -E
configure:2424: checking for a sed that does not truncate output
configure:2478: result: /usr/bin/sed
configure:2610: checking for cc
configure:2626: found /opt/rh/devtoolset-7/root/usr/bin/cc
configure:2637: result: cc
configure:2668: checking for C compiler version
configure:2677: cc --version >&5
cc (GCC) 7.3.1 20180303 (Red Hat 7.3.1-5)
Copyright (C) 2017 Free Software Foundation, Inc.
This is free software; see the source for copying conditions.  There is NO
warranty; not even for MERCHANTABILITY or FITNESS FOR A PARTICULAR PURPOSE.

configure:2688: $? = 0
configure:2677: cc -v >&5
Using built-in specs.
COLLECT_GCC=cc
COLLECT_LTO_WRAPPER=/opt/rh/devtoolset-7/root/usr/libexec/gcc/x86_64-redhat-linux/7/lto-wrapper
Target: x86_64-redhat-linux
Configured with: ../configure --enable-bootstrap --enable-languages=c,c++,fortran,lto --prefix=/opt/rh/devtoolset-7/root/usr --mandir=/opt/rh/devtoolset-7/root/usr/share/man --infodir=/opt/rh/devtoolset-7/root/usr/share/info --with-bugurl=http://bugzilla.redhat.com/bugzilla --enable-shared --enable-threads=posix --enable-checking=release --enable-multilib --with-system-zlib --enable-__cxa_atexit --disable-libunwind-exceptions --enable-gnu-unique-object --enable-linker-build-id --with-gcc-major-version-only --enable-plugin --with-linker-hash-style=gnu --enable-initfini-array --with-default-libstdcxx-abi=gcc4-compatible --with-isl=/builddir/build/BUILD/gcc-7.3.1-20180303/obj-x86_64-redhat-linux/isl-install --enable-libmpx --enable-gnu-indirect-function --with-tune=generic --with-arch_32=i686 --build=x86_64-redhat-linux
Thread model: posix
gcc version 7.3.1 20180303 (Red Hat 7.3.1-5) (GCC) 
configure:2688: $? = 0
configure:2677: cc -V >&5
cc: error: unrecognized command line option '-V'
cc: fatal error: no input files
compilation terminated.
configure:2688: $? = 1
configure:2677: cc -qversion >&5
cc: error: unrecognized command line option '-qversion'; did you mean '--version'?
cc: fatal error: no input files
compilation terminated.
configure:2688: $? = 1
configure:2708: checking whether the C compiler works
configure:2730: cc    conftest.c  >&5
configure:2734: $? = 0
configure:2782: result: yes
configure:2785: checking for C compiler default output file name
configure:2787: result: a.out
configure:2793: checking for suffix of executables
configure:2800: cc -o conftest    conftest.c  >&5
configure:2804: $? = 0
configure:2826: result: 
configure:2848: checking whether we are cross compiling
configure:2856: cc -o conftest    conftest.c  >&5
configure:2860: $? = 0
configure:2867: ./conftest
configure:2871: $? = 0
configure:2886: result: no
configure:2891: checking for suffix of object files
configure:2913: cc -c   conftest.c >&5
configure:2917: $? = 0
configure:2938: result: o
configure:2942: checking whether we are using the GNU C compiler
configure:2961: cc -c   conftest.c >&5
configure:2961: $? = 0
configure:2970: result: yes
configure:2979: checking whether cc accepts -g
configure:2999: cc -c -g  conftest.c >&5
configure:2999: $? = 0
configure:3040: result: yes
configure:3057: checking for cc option to accept ISO C89
configure:3120: cc  -c -g -O2  conftest.c >&5
configure:3120: $? = 0
configure:3133: result: none needed
configure:3159: checking how to run the C preprocessor
configure:3190: cc -E  conftest.c
configure:3190: $? = 0
configure:3204: cc -E  conftest.c
conftest.c:9:10: fatal error: ac_nonexistent.h: No such file or directory
 #include <ac_nonexistent.h>
          ^~~~~~~~~~~~~~~~~~
compilation terminated.
configure:3204: $? = 1
configure: failed program was:
| /* confdefs.h */
| #define PACKAGE_NAME ""
| #define PACKAGE_TARNAME ""
| #define PACKAGE_VERSION ""
| #define PACKAGE_STRING ""
| #define PACKAGE_BUGREPORT ""
| #define PACKAGE_URL ""
| /* end confdefs.h.  */
| #include <ac_nonexistent.h>
configure:3229: result: cc -E
configure:3249: cc -E  conftest.c
configure:3249: $? = 0
configure:3263: cc -E  conftest.c
conftest.c:9:10: fatal error: ac_nonexistent.h: No such file or directory
 #include <ac_nonexistent.h>
          ^~~~~~~~~~~~~~~~~~
compilation terminated.
configure:3263: $? = 1
configure: failed program was:
| /* confdefs.h */
| #define PACKAGE_NAME ""
| #define PACKAGE_TARNAME ""
| #define PACKAGE_VERSION ""
| #define PACKAGE_STRING ""
| #define PACKAGE_BUGREPORT ""
| #define PACKAGE_URL ""
| /* end confdefs.h.  */
| #include <ac_nonexistent.h>
configure:3294: checking for icc
configure:3303: result: no
configure:3317: checking for suncc
configure:3326: result: no
configure:3344: checking whether cc understands -c and -o together
configure:3372: cc -c conftest.c -o conftest2.o >&5
configure:3376: $? = 0
configure:3382: cc -c conftest.c -o conftest2.o >&5
configure:3386: $? = 0
configure:3441: result: yes
configure:3455: checking for system library directory
configure:3470: result: lib
configure:3477: checking if compiler supports -R
configure:3496: cc -o conftest -g -O2   conftest.c -R /usr/lib  >&5
cc: error: unrecognized command line option '-R'
configure:3496: $? = 1
configure: failed program was:
| /* confdefs.h */
| #define PACKAGE_NAME ""
| #define PACKAGE_TARNAME ""
| #define PACKAGE_VERSION ""
| #define PACKAGE_STRING ""
| #define PACKAGE_BUGREPORT ""
| #define PACKAGE_URL ""
| /* end confdefs.h.  */
| 
| int
| main ()
| {
| 
|   ;
|   return 0;
| }
configure:3506: result: no
configure:3511: checking if compiler supports -Wl,-rpath,
configure:3530: cc -o conftest -g -O2   conftest.c -Wl,-rpath,/usr/lib  >&5
configure:3530: $? = 0
configure:3540: result: yes
configure:3585: checking build system type
configure:3599: result: x86_64-unknown-linux-gnu
configure:3619: checking host system type
configure:3632: result: x86_64-unknown-linux-gnu
configure:3652: checking target system type
configure:3665: result: x86_64-unknown-linux-gnu
configure:3768: checking for PHP prefix
configure:3770: result: /usr/local/php56
configure:3772: checking for PHP includes
configure:3774: result: -I/usr/local/php56/include/php -I/usr/local/php56/include/php/main -I/usr/local/php56/include/php/TSRM -I/usr/local/php56/include/php/Zend -I/usr/local/php56/include/php/ext -I/usr/local/php56/include/php/ext/date/lib
configure:3776: checking for PHP extension directory
configure:3778: result: /usr/local/php56/lib/php/extensions/no-debug-non-zts-20131226
configure:3780: checking for PHP installed headers prefix
configure:3782: result: /usr/local/php56/include/php
configure:3785: checking if debug is enabled
configure:3811: result: no
configure:3814: checking if zts is enabled
configure:3840: result: no
configure:3911: checking for re2c
configure:3941: result: no
configure:3966: WARNING: You will need re2c 0.13.4 or later if you want to regenerate PHP parsers.
configure:3980: checking for gawk
configure:3997: found /usr/bin/gawk
configure:4008: result: gawk
configure:4052: checking whether to include YP support
configure:4091: result: yes, shared
configure:4099: checking for yp_match in -lnsl
configure:4124: cc -o conftest -g -O2   conftest.c -lnsl   >&5
configure:4124: $? = 0
configure:4133: result: yes
configure:4697: checking for ld used by cc
configure:4764: result: /opt/rh/devtoolset-7/root/usr/libexec/gcc/x86_64-redhat-linux/7/ld
configure:4771: checking if the linker (/opt/rh/devtoolset-7/root/usr/libexec/gcc/x86_64-redhat-linux/7/ld) is GNU ld
configure:4786: result: yes
configure:4791: checking for /opt/rh/devtoolset-7/root/usr/libexec/gcc/x86_64-redhat-linux/7/ld option to reload object files
configure:4798: result: -r
configure:4816: checking for BSD-compatible nm
configure:4865: result: /opt/rh/devtoolset-7/root/usr/bin/nm -B
configure:4869: checking whether ln -s works
configure:4873: result: yes
configure:4880: checking how to recognize dependent libraries
configure:5066: result: pass_all
configure:5151: cc -c -g -O2  conftest.c >&5
configure:5154: $? = 0
configure:5284: checking for ANSI C header files
configure:5304: cc -c -g -O2  conftest.c >&5
configure:5304: $? = 0
configure:5377: cc -o conftest -g -O2   conftest.c  >&5
configure:5377: $? = 0
configure:5377: ./conftest
configure:5377: $? = 0
configure:5388: result: yes
configure:5401: checking for sys/types.h
configure:5401: cc -c -g -O2  conftest.c >&5
configure:5401: $? = 0
configure:5401: result: yes
configure:5401: checking for sys/stat.h
configure:5401: cc -c -g -O2  conftest.c >&5
configure:5401: $? = 0
configure:5401: result: yes
configure:5401: checking for stdlib.h
configure:5401: cc -c -g -O2  conftest.c >&5
configure:5401: $? = 0
configure:5401: result: yes
configure:5401: checking for string.h
configure:5401: cc -c -g -O2  conftest.c >&5
configure:5401: $? = 0
configure:5401: result: yes
configure:5401: checking for memory.h
configure:5401: cc -c -g -O2  conftest.c >&5
configure:5401: $? = 0
configure:5401: result: yes
configure:5401: checking for strings.h
configure:5401: cc -c -g -O2  conftest.c >&5
configure:5401: $? = 0
configure:5401: result: yes
configure:5401: checking for inttypes.h
configure:5401: cc -c -g -O2  conftest.c >&5
configure:5401: $? = 0
configure:5401: result: yes
configure:5401: checking for stdint.h
configure:5401: cc -c -g -O2  conftest.c >&5
configure:5401: $? = 0
configure:5401: result: yes
configure:5401: checking for unistd.h
configure:5401: cc -c -g -O2  conftest.c >&5
configure:5401: $? = 0
configure:5401: result: yes
configure:5415: checking dlfcn.h usability
configure:5415: cc -c -g -O2  conftest.c >&5
configure:5415: $? = 0
configure:5415: result: yes
configure:5415: checking dlfcn.h presence
configure:5415: cc -E  conftest.c
configure:5415: $? = 0
configure:5415: result: yes
configure:5415: checking for dlfcn.h
configure:5415: result: yes
configure:5437: checking the maximum length of command line arguments
configure:5549: result: 1572864
configure:5561: checking command to parse /opt/rh/devtoolset-7/root/usr/bin/nm -B output from cc object
configure:5666: cc -c -g -O2  conftest.c >&5
configure:5669: $? = 0
configure:5673: /opt/rh/devtoolset-7/root/usr/bin/nm -B conftest.o \| sed -n -e 's/^.*[ 	]\([ABCDGIRSTW][ABCDGIRSTW]*\)[ 	][ 	]*\([_A-Za-z][_A-Za-z0-9]*\)$/\1 \2 \2/p' \> conftest.nm
configure:5676: $? = 0
configure:5728: cc -o conftest -g -O2   conftest.c conftstm.o >&5
configure:5731: $? = 0
configure:5769: result: ok
configure:5773: checking for objdir
configure:5788: result: .libs
configure:5880: checking for ar
configure:5896: found /opt/rh/devtoolset-7/root/usr/bin/ar
configure:5907: result: ar
configure:5972: checking for ranlib
configure:5988: found /opt/rh/devtoolset-7/root/usr/bin/ranlib
configure:5999: result: ranlib
configure:6064: checking for strip
configure:6080: found /opt/rh/devtoolset-7/root/usr/bin/strip
configure:6091: result: strip
configure:6660: checking if cc supports -fno-rtti -fno-exceptions
configure:6678: cc -c -g -O2  -fno-rtti -fno-exceptions conftest.c >&5
cc1: warning: command line option '-fno-rtti' is valid for C++/ObjC++ but not for C
configure:6682: $? = 0
configure:6695: result: no
configure:6710: checking for cc option to produce PIC
configure:6950: result: -fPIC
configure:6958: checking if cc PIC flag -fPIC works
configure:6976: cc -c -g -O2  -fPIC -DPIC conftest.c >&5
configure:6980: $? = 0
configure:6993: result: yes
configure:7021: checking if cc static flag -static works
configure:7049: result: no
configure:7059: checking if cc supports -c -o file.o
configure:7080: cc -c -g -O2  -o out/conftest2.o conftest.c >&5
configure:7084: $? = 0
configure:7106: result: yes
configure:7132: checking whether the cc linker (/opt/rh/devtoolset-7/root/usr/libexec/gcc/x86_64-redhat-linux/7/ld -m elf_x86_64) supports shared libraries
configure:8060: result: yes
configure:8081: checking whether -lc should be explicitly linked in
configure:8086: cc -c -g -O2  conftest.c >&5
configure:8089: $? = 0
configure:8104: cc -shared conftest.o  -v -Wl,-soname -Wl,conftest -o conftest 2\>\&1 \| grep  -lc  \>/dev/null 2\>\&1
configure:8107: $? = 0
configure:8119: result: no
configure:8127: checking dynamic linker characteristics
configure:8725: result: GNU/Linux ld.so
configure:8749: checking how to hardcode library paths into programs
configure:8774: result: immediate
configure:8788: checking whether stripping libraries is possible
configure:8793: result: yes
configure:9310: checking if libtool supports shared libraries
configure:9312: result: yes
configure:9315: checking whether to build shared libraries
configure:9336: result: yes
configure:9339: checking whether to build static libraries
configure:9343: result: no
configure:9438: result:
creating libtool
configure:13137: creating ./config.status

## ---------------------- ##
## Running config.status. ##
## ---------------------- ##

This file was extended by config.status, which was
generated by GNU Autoconf 2.69.  Invocation command line was

  CONFIG_FILES    = 
  CONFIG_HEADERS  = 
  CONFIG_LINKS    = 
  CONFIG_COMMANDS = 
  $ ./config.status 

on myvps.org

config.status:677: creating config.h

## ---------------- ##
## Cache variables. ##
## ---------------- ##

ac_cv_build=x86_64-unknown-linux-gnu
ac_cv_c_compiler_gnu=yes
ac_cv_env_CC_set=
ac_cv_env_CC_value=
ac_cv_env_CFLAGS_set=
ac_cv_env_CFLAGS_value=
ac_cv_env_CPPFLAGS_set=
ac_cv_env_CPPFLAGS_value=
ac_cv_env_CPP_set=
ac_cv_env_CPP_value=
ac_cv_env_LDFLAGS_set=
ac_cv_env_LDFLAGS_value=
ac_cv_env_LIBS_set=
ac_cv_env_LIBS_value=
ac_cv_env_build_alias_set=
ac_cv_env_build_alias_value=
ac_cv_env_host_alias_set=
ac_cv_env_host_alias_value=
ac_cv_env_target_alias_set=
ac_cv_env_target_alias_value=
ac_cv_header_dlfcn_h=yes
ac_cv_header_inttypes_h=yes
ac_cv_header_memory_h=yes
ac_cv_header_stdc=yes
ac_cv_header_stdint_h=yes
ac_cv_header_stdlib_h=yes
ac_cv_header_string_h=yes
ac_cv_header_strings_h=yes
ac_cv_header_sys_stat_h=yes
ac_cv_header_sys_types_h=yes
ac_cv_header_unistd_h=yes
ac_cv_host=x86_64-unknown-linux-gnu
ac_cv_lib_nsl_yp_match=yes
ac_cv_objext=o
ac_cv_path_EGREP='/usr/bin/grep -E'
ac_cv_path_GREP=/usr/bin/grep
ac_cv_prog_AWK=gawk
ac_cv_prog_CPP='cc -E'
ac_cv_prog_ac_ct_AR=ar
ac_cv_prog_ac_ct_CC=cc
ac_cv_prog_ac_ct_RANLIB=ranlib
ac_cv_prog_ac_ct_STRIP=strip
ac_cv_prog_cc_c89=
ac_cv_prog_cc_cc_c_o=yes
ac_cv_prog_cc_g=yes
ac_cv_target=x86_64-unknown-linux-gnu
lt_cv_deplibs_check_method=pass_all
lt_cv_file_magic_cmd='$MAGIC_CMD'
lt_cv_file_magic_test_file=
lt_cv_ld_reload_flag=-r
lt_cv_objdir=.libs
lt_cv_path_LD=/opt/rh/devtoolset-7/root/usr/libexec/gcc/x86_64-redhat-linux/7/ld
lt_cv_path_NM='/opt/rh/devtoolset-7/root/usr/bin/nm -B'
lt_cv_path_SED=/usr/bin/sed
lt_cv_prog_compiler_c_o=yes
lt_cv_prog_compiler_pic_works=yes
lt_cv_prog_compiler_rtti_exceptions=no
lt_cv_prog_compiler_static_works=no
lt_cv_prog_gnu_ld=yes
lt_cv_sys_global_symbol_pipe='sed -n -e '\''s/^.*[ 	]\([ABCDGIRSTW][ABCDGIRSTW]*\)[ 	][ 	]*\([_A-Za-z][_A-Za-z0-9]*\)$/\1 \2 \2/p'\'''
lt_cv_sys_global_symbol_to_c_name_address='sed -n -e '\''s/^: \([^ ]*\) $/  {\"\1\", (lt_ptr) 0},/p'\'' -e '\''s/^[BCDEGRST] \([^ ]*\) \([^ ]*\)$/  {"\2", (lt_ptr) \&\2},/p'\'''
lt_cv_sys_global_symbol_to_cdecl='sed -n -e '\''s/^. .* \(.*\)$/extern int \1;/p'\'''
lt_cv_sys_lib_dlsearch_path_spec='/lib /usr/lib /opt/rh/devtoolset-6/root/usr/lib64/dyninst /usr/lib64/dyninst /usr/lib64/llvm3.9/lib /usr/lib64/llvm5.0/lib /usr/local/lib /usr/lib64/mysql /usr/local/mysql/lib /usr/lib64/tcl8.5 '
lt_cv_sys_lib_search_path_spec='/opt/rh/devtoolset-7/root/usr/lib/gcc/x86_64-redhat-linux/7 /opt/rh/devtoolset-7/root/usr/lib64 /lib64 /usr/lib64'
lt_cv_sys_max_cmd_len=1572864
lt_lt_cv_prog_compiler_c_o='"yes"'
lt_lt_cv_sys_global_symbol_pipe='"sed -n -e '\''s/^.*[ 	]\\([ABCDGIRSTW][ABCDGIRSTW]*\\)[ 	][ 	]*\\([_A-Za-z][_A-Za-z0-9]*\\)\$/\\1 \\2 \\2/p'\''"'
lt_lt_cv_sys_global_symbol_to_c_name_address='"sed -n -e '\''s/^: \\([^ ]*\\) \$/  {\\\"\\1\\\", (lt_ptr) 0},/p'\'' -e '\''s/^[BCDEGRST] \\([^ ]*\\) \\([^ ]*\\)\$/  {\"\\2\", (lt_ptr) \\&\\2},/p'\''"'
lt_lt_cv_sys_global_symbol_to_cdecl='"sed -n -e '\''s/^. .* \\(.*\\)\$/extern int \\1;/p'\''"'
php_cv_cc_dashr=no
php_cv_cc_rpath=yes

## ----------------- ##
## Output variables. ##
## ----------------- ##

AR='ar'
AWK='gawk'
CC='cc'
CFLAGS='-g -O2'
CONFIGURE_COMMAND=' '\''./configure'\''  '\''--with-php-config=/usr/local/php56/bin/php-config'\'''
CONFIGURE_OPTIONS=' '\''--with-php-config=/usr/local/php56/bin/php-config'\'''
CPP='cc -E'
CPPFLAGS=' -DHAVE_CONFIG_H'
DEFS='-DHAVE_CONFIG_H'
DSYMUTIL=''
ECHO='echo'
ECHO_C=''
ECHO_N='-n'
ECHO_T=''
EGREP='/usr/bin/grep -E'
EXEEXT=''
GREP='/usr/bin/grep'
LDFLAGS=''
LIBOBJS=''
LIBS=''
LIBTOOL='$(SHELL) $(top_builddir)/libtool'
LN_S='ln -s'
LTLIBOBJS=''
NMEDIT=''
OBJEXT='o'
PACKAGE_BUGREPORT=''
PACKAGE_NAME=''
PACKAGE_STRING=''
PACKAGE_TARNAME=''
PACKAGE_URL=''
PACKAGE_VERSION=''
PATH_SEPARATOR=':'
RANLIB='ranlib'
RE2C='exit 0;'
SED='/usr/bin/sed'
SHELL='/bin/sh'
SHLIB_DL_SUFFIX_NAME='so'
SHLIB_SUFFIX_NAME='so'
STRIP='strip'
ac_ct_CC='cc'
bindir='${exec_prefix}/bin'
build='x86_64-unknown-linux-gnu'
build_alias=''
build_cpu='x86_64'
build_os='linux-gnu'
build_vendor='unknown'
datadir='${datarootdir}'
datarootdir='${prefix}/share'
docdir='${datarootdir}/doc/${PACKAGE}'
dvidir='${docdir}'
exec_prefix='$(prefix)'
host='x86_64-unknown-linux-gnu'
host_alias='x86_64-unknown-linux-gnu'
host_cpu='x86_64'
host_os='linux-gnu'
host_vendor='unknown'
htmldir='${docdir}'
includedir='${prefix}/include'
infodir='${datarootdir}/info'
libdir='${exec_prefix}/lib'
libexecdir='${exec_prefix}/libexec'
localedir='${datarootdir}/locale'
localstatedir='${prefix}/var'
mandir='${datarootdir}/man'
oldincludedir='/usr/include'
pdfdir='${docdir}'
prefix='/usr/local/php56'
program_transform_name='s,x,x,'
psdir='${docdir}'
sbindir='${exec_prefix}/sbin'
sharedstatedir='${prefix}/com'
sysconfdir='${prefix}/etc'
target='x86_64-unknown-linux-gnu'
target_alias=''
target_cpu='x86_64'
target_os='linux-gnu'
target_vendor='unknown'

## ----------- ##
## confdefs.h. ##
## ----------- ##

/* confdefs.h */
#define PACKAGE_NAME ""
#define PACKAGE_TARNAME ""
#define PACKAGE_VERSION ""
#define PACKAGE_STRING ""
#define PACKAGE_BUGREPORT ""
#define PACKAGE_URL ""
#define HAVE_YP 1
#define COMPILE_DL_YP 1
#define STDC_HEADERS 1
#define HAVE_SYS_TYPES_H 1
#define HAVE_SYS_STAT_H 1
#define HAVE_STDLIB_H 1
#define HAVE_STRING_H 1
#define HAVE_MEMORY_H 1
#define HAVE_STRINGS_H 1
#define HAVE_INTTYPES_H 1
#define HAVE_STDINT_H 1
#define HAVE_UNISTD_H 1
#define HAVE_DLFCN_H 1

configure: exit 0
