This file contains any messages produced by compilers while
running configure, to aid debugging if configure makes a mistake.

It was created by configure, which was
generated by GNU Autoconf 2.69.  Invocation command line was

  $ ./configure --with-php-config=/usr/local/php56/bin/php-config

## --------- ##
## Platform. ##
## --------- ##

hostname = myvps.org
uname -m = x86_64
uname -r = 4.18.4-1.el7.elrepo.x86_64
uname -s = Linux
uname -v = #1 SMP Wed Aug 22 15:40:19 EDT 2018

/usr/bin/uname -p = x86_64
/bin/uname -X     = unknown

/bin/arch              = x86_64
/usr/bin/arch -k       = unknown
/usr/convex/getsysinfo = unknown
/usr/bin/hostinfo      = unknown
/bin/machine           = unknown
/usr/bin/oslevel       = unknown
/bin/universe          = unknown

PATH: /opt/rh/devtoolset-7/root/usr/bin
PATH: /usr/local/redis/bin
PATH: /usr/local/mysql/bin
PATH: /usr/local/nginx/sbin
PATH: /usr/local/php/bin
PATH: /usr/local/sbin
PATH: /usr/local/bin
PATH: /usr/sbin
PATH: /usr/bin


## ----------- ##
## Core tests. ##
## ----------- ##

configure:2312: checking for grep that handles long lines and -e
configure:2370: result: /usr/bin/grep
configure:2375: checking for egrep
configure:2437: result: /usr/bin/grep -E
configure:2442: checking for a sed that does not truncate output
configure:2496: result: /usr/bin/sed
configure:2628: checking for cc
configure:2644: found /opt/rh/devtoolset-7/root/usr/bin/cc
configure:2655: result: cc
configure:2686: checking for C compiler version
configure:2695: cc --version >&5
cc (GCC) 7.3.1 20180303 (Red Hat 7.3.1-5)
Copyright (C) 2017 Free Software Foundation, Inc.
This is free software; see the source for copying conditions.  There is NO
warranty; not even for MERCHANTABILITY or FITNESS FOR A PARTICULAR PURPOSE.

configure:2706: $? = 0
configure:2695: cc -v >&5
Using built-in specs.
COLLECT_GCC=cc
COLLECT_LTO_WRAPPER=/opt/rh/devtoolset-7/root/usr/libexec/gcc/x86_64-redhat-linux/7/lto-wrapper
Target: x86_64-redhat-linux
Configured with: ../configure --enable-bootstrap --enable-languages=c,c++,fortran,lto --prefix=/opt/rh/devtoolset-7/root/usr --mandir=/opt/rh/devtoolset-7/root/usr/share/man --infodir=/opt/rh/devtoolset-7/root/usr/share/info --with-bugurl=http://bugzilla.redhat.com/bugzilla --enable-shared --enable-threads=posix --enable-checking=release --enable-multilib --with-system-zlib --enable-__cxa_atexit --disable-libunwind-exceptions --enable-gnu-unique-object --enable-linker-build-id --with-gcc-major-version-only --enable-plugin --with-linker-hash-style=gnu --enable-initfini-array --with-default-libstdcxx-abi=gcc4-compatible --with-isl=/builddir/build/BUILD/gcc-7.3.1-20180303/obj-x86_64-redhat-linux/isl-install --enable-libmpx --enable-gnu-indirect-function --with-tune=generic --with-arch_32=i686 --build=x86_64-redhat-linux
Thread model: posix
gcc version 7.3.1 20180303 (Red Hat 7.3.1-5) (GCC) 
configure:2706: $? = 0
configure:2695: cc -V >&5
cc: error: unrecognized command line option '-V'
cc: fatal error: no input files
compilation terminated.
configure:2706: $? = 1
configure:2695: cc -qversion >&5
cc: error: unrecognized command line option '-qversion'; did you mean '--version'?
cc: fatal error: no input files
compilation terminated.
configure:2706: $? = 1
configure:2726: checking whether the C compiler works
configure:2748: cc    conftest.c  >&5
configure:2752: $? = 0
configure:2800: result: yes
configure:2803: checking for C compiler default output file name
configure:2805: result: a.out
configure:2811: checking for suffix of executables
configure:2818: cc -o conftest    conftest.c  >&5
configure:2822: $? = 0
configure:2844: result: 
configure:2866: checking whether we are cross compiling
configure:2874: cc -o conftest    conftest.c  >&5
configure:2878: $? = 0
configure:2885: ./conftest
configure:2889: $? = 0
configure:2904: result: no
configure:2909: checking for suffix of object files
configure:2931: cc -c   conftest.c >&5
configure:2935: $? = 0
configure:2956: result: o
configure:2960: checking whether we are using the GNU C compiler
configure:2979: cc -c   conftest.c >&5
configure:2979: $? = 0
configure:2988: result: yes
configure:2997: checking whether cc accepts -g
configure:3017: cc -c -g  conftest.c >&5
configure:3017: $? = 0
configure:3058: result: yes
configure:3075: checking for cc option to accept ISO C89
configure:3138: cc  -c -g -O2  conftest.c >&5
configure:3138: $? = 0
configure:3151: result: none needed
configure:3177: checking how to run the C preprocessor
configure:3208: cc -E  conftest.c
configure:3208: $? = 0
configure:3222: cc -E  conftest.c
conftest.c:9:10: fatal error: ac_nonexistent.h: No such file or directory
 #include <ac_nonexistent.h>
          ^~~~~~~~~~~~~~~~~~
compilation terminated.
configure:3222: $? = 1
configure: failed program was:
| /* confdefs.h */
| #define PACKAGE_NAME ""
| #define PACKAGE_TARNAME ""
| #define PACKAGE_VERSION ""
| #define PACKAGE_STRING ""
| #define PACKAGE_BUGREPORT ""
| #define PACKAGE_URL ""
| /* end confdefs.h.  */
| #include <ac_nonexistent.h>
configure:3247: result: cc -E
configure:3267: cc -E  conftest.c
configure:3267: $? = 0
configure:3281: cc -E  conftest.c
conftest.c:9:10: fatal error: ac_nonexistent.h: No such file or directory
 #include <ac_nonexistent.h>
          ^~~~~~~~~~~~~~~~~~
compilation terminated.
configure:3281: $? = 1
configure: failed program was:
| /* confdefs.h */
| #define PACKAGE_NAME ""
| #define PACKAGE_TARNAME ""
| #define PACKAGE_VERSION ""
| #define PACKAGE_STRING ""
| #define PACKAGE_BUGREPORT ""
| #define PACKAGE_URL ""
| /* end confdefs.h.  */
| #include <ac_nonexistent.h>
configure:3312: checking for icc
configure:3321: result: no
configure:3335: checking for suncc
configure:3344: result: no
configure:3362: checking whether cc understands -c and -o together
configure:3390: cc -c conftest.c -o conftest2.o >&5
configure:3394: $? = 0
configure:3400: cc -c conftest.c -o conftest2.o >&5
configure:3404: $? = 0
configure:3459: result: yes
configure:3473: checking for system library directory
configure:3488: result: lib
configure:3495: checking if compiler supports -R
configure:3514: cc -o conftest -g -O2   conftest.c -R /usr/lib  >&5
cc: error: unrecognized command line option '-R'
configure:3514: $? = 1
configure: failed program was:
| /* confdefs.h */
| #define PACKAGE_NAME ""
| #define PACKAGE_TARNAME ""
| #define PACKAGE_VERSION ""
| #define PACKAGE_STRING ""
| #define PACKAGE_BUGREPORT ""
| #define PACKAGE_URL ""
| /* end confdefs.h.  */
| 
| int
| main ()
| {
| 
|   ;
|   return 0;
| }
configure:3524: result: no
configure:3529: checking if compiler supports -Wl,-rpath,
configure:3548: cc -o conftest -g -O2   conftest.c -Wl,-rpath,/usr/lib  >&5
configure:3548: $? = 0
configure:3558: result: yes
configure:3603: checking build system type
configure:3617: result: x86_64-unknown-linux-gnu
configure:3637: checking host system type
configure:3650: result: x86_64-unknown-linux-gnu
configure:3670: checking target system type
configure:3683: result: x86_64-unknown-linux-gnu
configure:3786: checking for PHP prefix
configure:3788: result: /usr/local/php56
configure:3790: checking for PHP includes
configure:3792: result: -I/usr/local/php56/include/php -I/usr/local/php56/include/php/main -I/usr/local/php56/include/php/TSRM -I/usr/local/php56/include/php/Zend -I/usr/local/php56/include/php/ext -I/usr/local/php56/include/php/ext/date/lib
configure:3794: checking for PHP extension directory
configure:3796: result: /usr/local/php56/lib/php/extensions/no-debug-non-zts-20131226
configure:3798: checking for PHP installed headers prefix
configure:3800: result: /usr/local/php56/include/php
configure:3803: checking if debug is enabled
configure:3829: result: no
configure:3832: checking if zts is enabled
configure:3858: result: no
configure:3929: checking for re2c
configure:3959: result: no
configure:3984: WARNING: You will need re2c 0.13.4 or later if you want to regenerate PHP parsers.
configure:3998: checking for gawk
configure:4015: found /usr/bin/gawk
configure:4026: result: gawk
configure:4070: checking for Event core support
configure:4110: result: yes, shared
configure:4119: checking for Event thread safety support
configure:4134: result: no
configure:4143: checking for Event extra functionality support
configure:4158: result: yes
configure:4167: checking for OpenSSL support in Event
configure:4182: result: yes
configure:4191: checking for custom PHP namespace in Event
configure:4206: result: no
configure:4215: checking for OpenSSL installation prefix
configure:4230: result: no
configure:4261: checking whether Event debugging support enabled
configure:4275: result: no
configure:4284: checking whether to enable sockets support in Event
configure:4298: result: yes
configure:4309: checking PHP version
configure:4329: cc -c -g -O2  -I/usr/local/php56/include/php -I/usr/local/php56/include/php/main -I/usr/local/php56/include/php/TSRM -I/usr/local/php56/include/php/Zend -I/usr/local/php56/include/php/ext -I/usr/local/php56/include/php/ext/date/lib conftest.c >&5
configure:4329: $? = 0
configure:4332: result: PHP 5.x
configure:4397: checking for include/event2/event.h
configure:4412: result: found in /usr/local
configure:4449: checking for libevent version
configure:4466: cc -c -g -O2  -I/usr/local/php56/include/php -I/usr/local/php56/include/php/main -I/usr/local/php56/include/php/TSRM -I/usr/local/php56/include/php/Zend -I/usr/local/php56/include/php/ext -I/usr/local/php56/include/php/ext/date/lib -I/php5 -I/usr/local/include -DHAVE_EV conftest.c >&5
configure:4466: $? = 0
configure:4467: result: ok
configure:4485: checking for event_free in -levent_core
configure:4510: cc -o conftest -g -O2  -L/usr/local/lib  conftest.c -levent_core   -levent_core >&5
configure:4510: $? = 0
configure:4519: result: yes
configure:4789: checking for evdns_base_free in -levent_extra
configure:4814: cc -o conftest -g -O2  -L/usr/local/lib  conftest.c -levent_extra   -levent_core >&5
configure:4814: $? = 0
configure:4823: result: yes
configure:4970: checking for pkg-config
configure:4988: found /usr/bin/pkg-config
configure:5001: result: /usr/bin/pkg-config
configure:5666: checking for bufferevent_openssl_get_ssl in -levent_openssl
configure:5691: cc -o conftest -g -O2  -L/usr/local/lib  -levent_extra conftest.c -levent_openssl   -levent_core >&5
configure:5691: $? = 0
configure:5700: result: yes
configure:6272: checking for ANSI C header files
configure:6292: cc -c -g -O2  conftest.c >&5
configure:6292: $? = 0
configure:6365: cc -o conftest -g -O2   conftest.c  >&5
configure:6365: $? = 0
configure:6365: ./conftest
configure:6365: $? = 0
configure:6376: result: yes
configure:6389: checking for sys/types.h
configure:6389: cc -c -g -O2  conftest.c >&5
configure:6389: $? = 0
configure:6389: result: yes
configure:6389: checking for sys/stat.h
configure:6389: cc -c -g -O2  conftest.c >&5
configure:6389: $? = 0
configure:6389: result: yes
configure:6389: checking for stdlib.h
configure:6389: cc -c -g -O2  conftest.c >&5
configure:6389: $? = 0
configure:6389: result: yes
configure:6389: checking for string.h
configure:6389: cc -c -g -O2  conftest.c >&5
configure:6389: $? = 0
configure:6389: result: yes
configure:6389: checking for memory.h
configure:6389: cc -c -g -O2  conftest.c >&5
configure:6389: $? = 0
configure:6389: result: yes
configure:6389: checking for strings.h
configure:6389: cc -c -g -O2  conftest.c >&5
configure:6389: $? = 0
configure:6389: result: yes
configure:6389: checking for inttypes.h
configure:6389: cc -c -g -O2  conftest.c >&5
configure:6389: $? = 0
configure:6389: result: yes
configure:6389: checking for stdint.h
configure:6389: cc -c -g -O2  conftest.c >&5
configure:6389: $? = 0
configure:6389: result: yes
configure:6389: checking for unistd.h
configure:6389: cc -c -g -O2  conftest.c >&5
configure:6389: $? = 0
configure:6389: result: yes
configure:6404: checking /usr/local/php56/include/php/ext/sockets/php_sockets.h usability
configure:6404: cc -c -g -O2  conftest.c >&5
configure:6404: $? = 0
configure:6404: result: yes
configure:6404: checking /usr/local/php56/include/php/ext/sockets/php_sockets.h presence
configure:6404: cc -E  conftest.c
configure:6404: $? = 0
configure:6404: result: yes
configure:6404: checking for /usr/local/php56/include/php/ext/sockets/php_sockets.h
configure:6404: result: yes
configure:6548: checking for ld used by cc
configure:6615: result: /opt/rh/devtoolset-7/root/usr/libexec/gcc/x86_64-redhat-linux/7/ld
configure:6622: checking if the linker (/opt/rh/devtoolset-7/root/usr/libexec/gcc/x86_64-redhat-linux/7/ld) is GNU ld
configure:6637: result: yes
configure:6642: checking for /opt/rh/devtoolset-7/root/usr/libexec/gcc/x86_64-redhat-linux/7/ld option to reload object files
configure:6649: result: -r
configure:6667: checking for BSD-compatible nm
configure:6716: result: /opt/rh/devtoolset-7/root/usr/bin/nm -B
configure:6720: checking whether ln -s works
configure:6724: result: yes
configure:6731: checking how to recognize dependent libraries
configure:6917: result: pass_all
configure:7002: cc -c -g -O2  conftest.c >&5
configure:7005: $? = 0
configure:7137: checking dlfcn.h usability
configure:7137: cc -c -g -O2  conftest.c >&5
configure:7137: $? = 0
configure:7137: result: yes
configure:7137: checking dlfcn.h presence
configure:7137: cc -E  conftest.c
configure:7137: $? = 0
configure:7137: result: yes
configure:7137: checking for dlfcn.h
configure:7137: result: yes
configure:7159: checking the maximum length of command line arguments
configure:7271: result: 1572864
configure:7283: checking command to parse /opt/rh/devtoolset-7/root/usr/bin/nm -B output from cc object
configure:7388: cc -c -g -O2  conftest.c >&5
configure:7391: $? = 0
configure:7395: /opt/rh/devtoolset-7/root/usr/bin/nm -B conftest.o \| sed -n -e 's/^.*[ 	]\([ABCDGIRSTW][ABCDGIRSTW]*\)[ 	][ 	]*\([_A-Za-z][_A-Za-z0-9]*\)$/\1 \2 \2/p' \> conftest.nm
configure:7398: $? = 0
configure:7450: cc -o conftest -g -O2   conftest.c conftstm.o >&5
configure:7453: $? = 0
configure:7491: result: ok
configure:7495: checking for objdir
configure:7510: result: .libs
configure:7602: checking for ar
configure:7618: found /opt/rh/devtoolset-7/root/usr/bin/ar
configure:7629: result: ar
configure:7694: checking for ranlib
configure:7710: found /opt/rh/devtoolset-7/root/usr/bin/ranlib
configure:7721: result: ranlib
configure:7786: checking for strip
configure:7802: found /opt/rh/devtoolset-7/root/usr/bin/strip
configure:7813: result: strip
configure:8382: checking if cc supports -fno-rtti -fno-exceptions
configure:8400: cc -c -g -O2  -fno-rtti -fno-exceptions conftest.c >&5
cc1: warning: command line option '-fno-rtti' is valid for C++/ObjC++ but not for C
configure:8404: $? = 0
configure:8417: result: no
configure:8432: checking for cc option to produce PIC
configure:8672: result: -fPIC
configure:8680: checking if cc PIC flag -fPIC works
configure:8698: cc -c -g -O2  -fPIC -DPIC conftest.c >&5
configure:8702: $? = 0
configure:8715: result: yes
configure:8743: checking if cc static flag -static works
configure:8771: result: no
configure:8781: checking if cc supports -c -o file.o
configure:8802: cc -c -g -O2  -o out/conftest2.o conftest.c >&5
configure:8806: $? = 0
configure:8828: result: yes
configure:8854: checking whether the cc linker (/opt/rh/devtoolset-7/root/usr/libexec/gcc/x86_64-redhat-linux/7/ld -m elf_x86_64) supports shared libraries
configure:9782: result: yes
configure:9803: checking whether -lc should be explicitly linked in
configure:9808: cc -c -g -O2  conftest.c >&5
configure:9811: $? = 0
configure:9826: cc -shared conftest.o  -v -Wl,-soname -Wl,conftest -o conftest 2\>\&1 \| grep  -lc  \>/dev/null 2\>\&1
configure:9829: $? = 0
configure:9841: result: no
configure:9849: checking dynamic linker characteristics
configure:10447: result: GNU/Linux ld.so
configure:10471: checking how to hardcode library paths into programs
configure:10496: result: immediate
configure:10510: checking whether stripping libraries is possible
configure:10515: result: yes
configure:11032: checking if libtool supports shared libraries
configure:11034: result: yes
configure:11037: checking whether to build shared libraries
configure:11058: result: yes
configure:11061: checking whether to build static libraries
configure:11065: result: no
configure:11160: result:
creating libtool
configure:14859: creating ./config.status

## ---------------------- ##
## Running config.status. ##
## ---------------------- ##

This file was extended by config.status, which was
generated by GNU Autoconf 2.69.  Invocation command line was

  CONFIG_FILES    = 
  CONFIG_HEADERS  = 
  CONFIG_LINKS    = 
  CONFIG_COMMANDS = 
  $ ./config.status 

on myvps.org

config.status:682: creating config.h

## ---------------- ##
## Cache variables. ##
## ---------------- ##

ac_cv_build=x86_64-unknown-linux-gnu
ac_cv_c_compiler_gnu=yes
ac_cv_env_CC_set=
ac_cv_env_CC_value=
ac_cv_env_CFLAGS_set=
ac_cv_env_CFLAGS_value=
ac_cv_env_CPPFLAGS_set=
ac_cv_env_CPPFLAGS_value=
ac_cv_env_CPP_set=
ac_cv_env_CPP_value=
ac_cv_env_LDFLAGS_set=
ac_cv_env_LDFLAGS_value=
ac_cv_env_LIBS_set=
ac_cv_env_LIBS_value=
ac_cv_env_build_alias_set=
ac_cv_env_build_alias_value=
ac_cv_env_host_alias_set=
ac_cv_env_host_alias_value=
ac_cv_env_target_alias_set=
ac_cv_env_target_alias_value=
ac_cv_header__usr_local_php56_include_php_ext_sockets_php_sockets_h=yes
ac_cv_header_dlfcn_h=yes
ac_cv_header_inttypes_h=yes
ac_cv_header_memory_h=yes
ac_cv_header_stdc=yes
ac_cv_header_stdint_h=yes
ac_cv_header_stdlib_h=yes
ac_cv_header_string_h=yes
ac_cv_header_strings_h=yes
ac_cv_header_sys_stat_h=yes
ac_cv_header_sys_types_h=yes
ac_cv_header_unistd_h=yes
ac_cv_host=x86_64-unknown-linux-gnu
ac_cv_lib_event_core_event_free=yes
ac_cv_lib_event_extra_evdns_base_free=yes
ac_cv_lib_event_openssl_bufferevent_openssl_get_ssl=yes
ac_cv_objext=o
ac_cv_path_EGREP='/usr/bin/grep -E'
ac_cv_path_GREP=/usr/bin/grep
ac_cv_path_PKG_CONFIG=/usr/bin/pkg-config
ac_cv_prog_AWK=gawk
ac_cv_prog_CPP='cc -E'
ac_cv_prog_ac_ct_AR=ar
ac_cv_prog_ac_ct_CC=cc
ac_cv_prog_ac_ct_RANLIB=ranlib
ac_cv_prog_ac_ct_STRIP=strip
ac_cv_prog_cc_c89=
ac_cv_prog_cc_cc_c_o=yes
ac_cv_prog_cc_g=yes
ac_cv_target=x86_64-unknown-linux-gnu
lt_cv_deplibs_check_method=pass_all
lt_cv_file_magic_cmd='$MAGIC_CMD'
lt_cv_file_magic_test_file=
lt_cv_ld_reload_flag=-r
lt_cv_objdir=.libs
lt_cv_path_LD=/opt/rh/devtoolset-7/root/usr/libexec/gcc/x86_64-redhat-linux/7/ld
lt_cv_path_NM='/opt/rh/devtoolset-7/root/usr/bin/nm -B'
lt_cv_path_SED=/usr/bin/sed
lt_cv_prog_compiler_c_o=yes
lt_cv_prog_compiler_pic_works=yes
lt_cv_prog_compiler_rtti_exceptions=no
lt_cv_prog_compiler_static_works=no
lt_cv_prog_gnu_ld=yes
lt_cv_sys_global_symbol_pipe='sed -n -e '\''s/^.*[ 	]\([ABCDGIRSTW][ABCDGIRSTW]*\)[ 	][ 	]*\([_A-Za-z][_A-Za-z0-9]*\)$/\1 \2 \2/p'\'''
lt_cv_sys_global_symbol_to_c_name_address='sed -n -e '\''s/^: \([^ ]*\) $/  {\"\1\", (lt_ptr) 0},/p'\'' -e '\''s/^[BCDEGRST] \([^ ]*\) \([^ ]*\)$/  {"\2", (lt_ptr) \&\2},/p'\'''
lt_cv_sys_global_symbol_to_cdecl='sed -n -e '\''s/^. .* \(.*\)$/extern int \1;/p'\'''
lt_cv_sys_lib_dlsearch_path_spec='/lib /usr/lib /opt/rh/devtoolset-6/root/usr/lib64/dyninst /usr/lib64/dyninst /usr/lib64/llvm3.9/lib /usr/lib64/llvm5.0/lib /usr/local/lib /usr/lib64/mysql /usr/local/mysql/lib /usr/lib64/tcl8.5 '
lt_cv_sys_lib_search_path_spec='/opt/rh/devtoolset-7/root/usr/lib/gcc/x86_64-redhat-linux/7 /opt/rh/devtoolset-7/root/usr/lib64 /lib64 /usr/lib64'
lt_cv_sys_max_cmd_len=1572864
lt_lt_cv_prog_compiler_c_o='"yes"'
lt_lt_cv_sys_global_symbol_pipe='"sed -n -e '\''s/^.*[ 	]\\([ABCDGIRSTW][ABCDGIRSTW]*\\)[ 	][ 	]*\\([_A-Za-z][_A-Za-z0-9]*\\)\$/\\1 \\2 \\2/p'\''"'
lt_lt_cv_sys_global_symbol_to_c_name_address='"sed -n -e '\''s/^: \\([^ ]*\\) \$/  {\\\"\\1\\\", (lt_ptr) 0},/p'\'' -e '\''s/^[BCDEGRST] \\([^ ]*\\) \\([^ ]*\\)\$/  {\"\\2\", (lt_ptr) \\&\\2},/p'\''"'
lt_lt_cv_sys_global_symbol_to_cdecl='"sed -n -e '\''s/^. .* \\(.*\\)\$/extern int \\1;/p'\''"'
php_cv_cc_dashr=no
php_cv_cc_rpath=yes

## ----------------- ##
## Output variables. ##
## ----------------- ##

AR='ar'
AWK='gawk'
CC='cc'
CFLAGS='-g -O2'
CONFIGURE_COMMAND=' '\''./configure'\''  '\''--with-php-config=/usr/local/php56/bin/php-config'\'''
CONFIGURE_OPTIONS=' '\''--with-php-config=/usr/local/php56/bin/php-config'\'''
CPP='cc -E'
CPPFLAGS=' -DHAVE_CONFIG_H'
DEFS='-DHAVE_CONFIG_H'
DSYMUTIL=''
ECHO='echo'
ECHO_C=''
ECHO_N='-n'
ECHO_T=''
EGREP='/usr/bin/grep -E'
EXEEXT=''
GREP='/usr/bin/grep'
LDFLAGS=''
LIBOBJS=''
LIBS=''
LIBTOOL='$(SHELL) $(top_builddir)/libtool'
LN_S='ln -s'
LTLIBOBJS=''
NMEDIT=''
OBJEXT='o'
OPENSSL_INCDIR_OPT='-I/usr/include'
PACKAGE_BUGREPORT=''
PACKAGE_NAME=''
PACKAGE_STRING=''
PACKAGE_TARNAME=''
PACKAGE_URL=''
PACKAGE_VERSION=''
PATH_SEPARATOR=':'
PKG_CONFIG='/usr/bin/pkg-config'
RANLIB='ranlib'
RE2C='exit 0;'
SED='/usr/bin/sed'
SHELL='/bin/sh'
SHLIB_DL_SUFFIX_NAME='so'
SHLIB_SUFFIX_NAME='so'
STRIP='strip'
ac_ct_CC='cc'
bindir='${exec_prefix}/bin'
build='x86_64-unknown-linux-gnu'
build_alias=''
build_cpu='x86_64'
build_os='linux-gnu'
build_vendor='unknown'
datadir='${datarootdir}'
datarootdir='${prefix}/share'
docdir='${datarootdir}/doc/${PACKAGE}'
dvidir='${docdir}'
exec_prefix='$(prefix)'
host='x86_64-unknown-linux-gnu'
host_alias='x86_64-unknown-linux-gnu'
host_cpu='x86_64'
host_os='linux-gnu'
host_vendor='unknown'
htmldir='${docdir}'
includedir='${prefix}/include'
infodir='${datarootdir}/info'
libdir='${exec_prefix}/lib'
libexecdir='${exec_prefix}/libexec'
localedir='${datarootdir}/locale'
localstatedir='${prefix}/var'
mandir='${datarootdir}/man'
oldincludedir='/usr/include'
pdfdir='${docdir}'
prefix='/usr/local/php56'
program_transform_name='s,x,x,'
psdir='${docdir}'
sbindir='${exec_prefix}/sbin'
sharedstatedir='${prefix}/com'
sysconfdir='${prefix}/etc'
target='x86_64-unknown-linux-gnu'
target_alias=''
target_cpu='x86_64'
target_os='linux-gnu'
target_vendor='unknown'

## ----------- ##
## confdefs.h. ##
## ----------- ##

/* confdefs.h */
#define PACKAGE_NAME ""
#define PACKAGE_TARNAME ""
#define PACKAGE_VERSION ""
#define PACKAGE_STRING ""
#define PACKAGE_BUGREPORT ""
#define PACKAGE_URL ""
#define NDEBUG 1
#define HAVE_EVENT_EXTRA_LIB 1
#define HAVE_EVENT_OPENSSL_LIB 1
#define COMPILE_DL_EVENT 1
#define STDC_HEADERS 1
#define HAVE_SYS_TYPES_H 1
#define HAVE_SYS_STAT_H 1
#define HAVE_STDLIB_H 1
#define HAVE_STRING_H 1
#define HAVE_MEMORY_H 1
#define HAVE_STRINGS_H 1
#define HAVE_INTTYPES_H 1
#define HAVE_STDINT_H 1
#define HAVE_UNISTD_H 1
#define HAVE__USR_LOCAL_PHP56_INCLUDE_PHP_EXT_SOCKETS_PHP_SOCKETS_H 1
#define PHP_EVENT_SOCKETS 1
#define HAVE_SOCKETS 1
#define HAVE_DLFCN_H 1

configure: exit 0
